c:\users\basquiat\documents\toolboxes-indiens\symphony-5.6\symphony\msvisualstudio\v10\x64-v120-debug\vc120.pdb
c:\users\basquiat\documents\toolboxes-indiens\symphony-5.6\symphony\msvisualstudio\v10\x64-v120-debug\vc120.idb
c:\users\basquiat\documents\toolboxes-indiens\symphony-5.6\symphony\msvisualstudio\v10\x64-v120-debug\lp.obj
c:\users\basquiat\documents\toolboxes-indiens\symphony-5.6\symphony\msvisualstudio\v10\x64-v120-debug\lp_branch.obj
c:\users\basquiat\documents\toolboxes-indiens\symphony-5.6\symphony\msvisualstudio\v10\x64-v120-debug\lp_free.obj
c:\users\basquiat\documents\toolboxes-indiens\symphony-5.6\symphony\msvisualstudio\v10\x64-v120-debug\lp_genfunc.obj
c:\users\basquiat\documents\toolboxes-indiens\symphony-5.6\symphony\msvisualstudio\v10\x64-v120-debug\lp_heuristics.obj
c:\users\basquiat\documents\toolboxes-indiens\symphony-5.6\symphony\msvisualstudio\v10\x64-v120-debug\lp_proccomm.obj
c:\users\basquiat\documents\toolboxes-indiens\symphony-5.6\symphony\msvisualstudio\v10\x64-v120-debug\lp_rowfunc.obj
c:\users\basquiat\documents\toolboxes-indiens\symphony-5.6\symphony\msvisualstudio\v10\x64-v120-debug\lp_solver.obj
c:\users\basquiat\documents\toolboxes-indiens\symphony-5.6\symphony\msvisualstudio\v10\x64-v120-debug\lp_sp.obj
c:\users\basquiat\documents\toolboxes-indiens\symphony-5.6\symphony\msvisualstudio\v10\x64-v120-debug\lp_varfunc.obj
c:\users\basquiat\documents\toolboxes-indiens\symphony-5.6\symphony\msvisualstudio\v10\x64-v120-debug\lp_wrapper.obj
c:\users\basquiat\documents\toolboxes-indiens\symphony-5.6\symphony\msvisualstudio\v10\x64-v120-debug\master.obj
c:\users\basquiat\documents\toolboxes-indiens\symphony-5.6\symphony\msvisualstudio\v10\x64-v120-debug\master_func.obj
c:\users\basquiat\documents\toolboxes-indiens\symphony-5.6\symphony\msvisualstudio\v10\x64-v120-debug\master_io.obj
c:\users\basquiat\documents\toolboxes-indiens\symphony-5.6\symphony\msvisualstudio\v10\x64-v120-debug\master_prep.obj
c:\users\basquiat\documents\toolboxes-indiens\symphony-5.6\symphony\msvisualstudio\v10\x64-v120-debug\master_prep_base.obj
c:\users\basquiat\documents\toolboxes-indiens\symphony-5.6\symphony\msvisualstudio\v10\x64-v120-debug\master_prep_sr.obj
c:\users\basquiat\documents\toolboxes-indiens\symphony-5.6\symphony\msvisualstudio\v10\x64-v120-debug\master_wrapper.obj
c:\users\basquiat\documents\toolboxes-indiens\symphony-5.6\symphony\msvisualstudio\v10\x64-v120-debug\tm_func.obj
c:\users\basquiat\documents\toolboxes-indiens\symphony-5.6\symphony\msvisualstudio\v10\x64-v120-debug\tm_proccomm.obj
c:\users\basquiat\documents\toolboxes-indiens\symphony-5.6\symphony\msvisualstudio\v10\x64-v120-debug\pack_array.obj
c:\users\basquiat\documents\toolboxes-indiens\symphony-5.6\symphony\msvisualstudio\v10\x64-v120-debug\pack_cut.obj
c:\users\basquiat\documents\toolboxes-indiens\symphony-5.6\symphony\msvisualstudio\v10\x64-v120-debug\proccomm.obj
c:\users\basquiat\documents\toolboxes-indiens\symphony-5.6\symphony\msvisualstudio\v10\x64-v120-debug\sym_qsort.obj
c:\users\basquiat\documents\toolboxes-indiens\symphony-5.6\symphony\msvisualstudio\v10\x64-v120-debug\timemeas.obj
c:\users\basquiat\documents\toolboxes-indiens\symphony-5.6\symphony\msvisualstudio\v10\x64-v120-debug\cg_func.obj
c:\users\basquiat\documents\toolboxes-indiens\symphony-5.6\symphony\msvisualstudio\v10\x64-v120-debug\cg_proccomm.obj
c:\users\basquiat\documents\toolboxes-indiens\symphony-5.6\symphony\msvisualstudio\v10\x64-v120-debug\cg_wrapper.obj
c:\users\basquiat\documents\toolboxes-indiens\symphony-5.6\symphony\msvisualstudio\v10\x64-v120-debug\cut_gen.obj
c:\users\basquiat\documents\toolboxes-indiens\symphony-5.6\symphony\msvisualstudio\v10\x64-v120-debug\cp_func.obj
c:\users\basquiat\documents\toolboxes-indiens\symphony-5.6\symphony\msvisualstudio\v10\x64-v120-debug\cp_proccomm.obj
c:\users\basquiat\documents\toolboxes-indiens\symphony-5.6\symphony\msvisualstudio\v10\x64-v120-debug\cp_wrapper.obj
c:\users\basquiat\documents\toolboxes-indiens\symphony-5.6\symphony\msvisualstudio\v10\x64-v120-debug\cut_pool.obj
c:\users\basquiat\documents\toolboxes-indiens\symphony-5.6\symphony\msvisualstudio\v10\x64-v120-debug\libsymphony.lib
c:\users\basquiat\src\symphony\symphony\msvisualstudio\v10\x64-v120-debug\libsymphony.lib
c:\users\basquiat\src\symphony\symphony\msvisualstudio\v10\x64-v120-debug\libsymphony.tlog\cl.command.1.tlog
c:\users\basquiat\src\symphony\symphony\msvisualstudio\v10\x64-v120-debug\libsymphony.tlog\cl.read.1.tlog
c:\users\basquiat\src\symphony\symphony\msvisualstudio\v10\x64-v120-debug\libsymphony.tlog\cl.write.1.tlog
c:\users\basquiat\src\symphony\symphony\msvisualstudio\v10\x64-v120-debug\libsymphony.tlog\lib-link.read.1.tlog
c:\users\basquiat\src\symphony\symphony\msvisualstudio\v10\x64-v120-debug\libsymphony.tlog\lib-link.write.1.tlog
c:\users\basquiat\src\symphony\symphony\msvisualstudio\v10\x64-v120-debug\libsymphony.tlog\lib.command.1.tlog
