c:\users\basquiat\documents\toolboxes-indiens\symphony-5.6\clp\msvisualstudio\v10\libclp\x64-v120-debug\vc120.pdb
c:\users\basquiat\documents\toolboxes-indiens\symphony-5.6\clp\msvisualstudio\v10\libclp\x64-v120-debug\vc120.idb
c:\users\basquiat\documents\toolboxes-indiens\symphony-5.6\clp\msvisualstudio\v10\libclp\x64-v120-debug\clpnonlinearcost.obj
c:\users\basquiat\documents\toolboxes-indiens\symphony-5.6\clp\msvisualstudio\v10\libclp\x64-v120-debug\clpobjective.obj
c:\users\basquiat\documents\toolboxes-indiens\symphony-5.6\clp\msvisualstudio\v10\libclp\x64-v120-debug\clppackedmatrix.obj
c:\users\basquiat\documents\toolboxes-indiens\symphony-5.6\clp\msvisualstudio\v10\libclp\x64-v120-debug\clppdco.obj
c:\users\basquiat\documents\toolboxes-indiens\symphony-5.6\clp\msvisualstudio\v10\libclp\x64-v120-debug\clppdcobase.obj
c:\users\basquiat\documents\toolboxes-indiens\symphony-5.6\clp\msvisualstudio\v10\libclp\x64-v120-debug\clpplusminusonematrix.obj
c:\users\basquiat\documents\toolboxes-indiens\symphony-5.6\clp\msvisualstudio\v10\libclp\x64-v120-debug\clppredictorcorrector.obj
c:\users\basquiat\documents\toolboxes-indiens\symphony-5.6\clp\msvisualstudio\v10\libclp\x64-v120-debug\clppresolve.obj
c:\users\basquiat\documents\toolboxes-indiens\symphony-5.6\clp\msvisualstudio\v10\libclp\x64-v120-debug\clpprimalcolumndantzig.obj
c:\users\basquiat\documents\toolboxes-indiens\symphony-5.6\clp\msvisualstudio\v10\libclp\x64-v120-debug\clpprimalcolumnpivot.obj
c:\users\basquiat\documents\toolboxes-indiens\symphony-5.6\clp\msvisualstudio\v10\libclp\x64-v120-debug\clpprimalcolumnsteepest.obj
c:\users\basquiat\documents\toolboxes-indiens\symphony-5.6\clp\msvisualstudio\v10\libclp\x64-v120-debug\clpquadraticobjective.obj
c:\users\basquiat\documents\toolboxes-indiens\symphony-5.6\clp\msvisualstudio\v10\libclp\x64-v120-debug\clpsimplex.obj
c:\users\basquiat\documents\toolboxes-indiens\symphony-5.6\clp\msvisualstudio\v10\libclp\x64-v120-debug\clpsimplexdual.obj
c:\users\basquiat\documents\toolboxes-indiens\symphony-5.6\clp\msvisualstudio\v10\libclp\x64-v120-debug\clpsimplexnonlinear.obj
c:\users\basquiat\documents\toolboxes-indiens\symphony-5.6\clp\msvisualstudio\v10\libclp\x64-v120-debug\clpsimplexother.obj
c:\users\basquiat\documents\toolboxes-indiens\symphony-5.6\clp\msvisualstudio\v10\libclp\x64-v120-debug\clpsimplexprimal.obj
c:\users\basquiat\documents\toolboxes-indiens\symphony-5.6\clp\msvisualstudio\v10\libclp\x64-v120-debug\clpsolve.obj
c:\users\basquiat\documents\toolboxes-indiens\symphony-5.6\clp\msvisualstudio\v10\libclp\x64-v120-debug\idiot.obj
c:\users\basquiat\documents\toolboxes-indiens\symphony-5.6\clp\msvisualstudio\v10\libclp\x64-v120-debug\idisolve.obj
c:\users\basquiat\documents\toolboxes-indiens\symphony-5.6\clp\msvisualstudio\v10\libclp\x64-v120-debug\clpdualrowdantzig.obj
c:\users\basquiat\documents\toolboxes-indiens\symphony-5.6\clp\msvisualstudio\v10\libclp\x64-v120-debug\clpdualrowpivot.obj
c:\users\basquiat\documents\toolboxes-indiens\symphony-5.6\clp\msvisualstudio\v10\libclp\x64-v120-debug\clpdualrowsteepest.obj
c:\users\basquiat\documents\toolboxes-indiens\symphony-5.6\clp\msvisualstudio\v10\libclp\x64-v120-debug\clpdummymatrix.obj
c:\users\basquiat\documents\toolboxes-indiens\symphony-5.6\clp\msvisualstudio\v10\libclp\x64-v120-debug\clpdynamicexamplematrix.obj
c:\users\basquiat\documents\toolboxes-indiens\symphony-5.6\clp\msvisualstudio\v10\libclp\x64-v120-debug\clpdynamicmatrix.obj
c:\users\basquiat\documents\toolboxes-indiens\symphony-5.6\clp\msvisualstudio\v10\libclp\x64-v120-debug\clpeventhandler.obj
c:\users\basquiat\documents\toolboxes-indiens\symphony-5.6\clp\msvisualstudio\v10\libclp\x64-v120-debug\clpfactorization.obj
c:\users\basquiat\documents\toolboxes-indiens\symphony-5.6\clp\msvisualstudio\v10\libclp\x64-v120-debug\clpgubdynamicmatrix.obj
c:\users\basquiat\documents\toolboxes-indiens\symphony-5.6\clp\msvisualstudio\v10\libclp\x64-v120-debug\clpgubmatrix.obj
c:\users\basquiat\documents\toolboxes-indiens\symphony-5.6\clp\msvisualstudio\v10\libclp\x64-v120-debug\clphelperfunctions.obj
c:\users\basquiat\documents\toolboxes-indiens\symphony-5.6\clp\msvisualstudio\v10\libclp\x64-v120-debug\clpinterior.obj
c:\users\basquiat\documents\toolboxes-indiens\symphony-5.6\clp\msvisualstudio\v10\libclp\x64-v120-debug\clplinearobjective.obj
c:\users\basquiat\documents\toolboxes-indiens\symphony-5.6\clp\msvisualstudio\v10\libclp\x64-v120-debug\clplsqr.obj
c:\users\basquiat\documents\toolboxes-indiens\symphony-5.6\clp\msvisualstudio\v10\libclp\x64-v120-debug\clpmatrixbase.obj
c:\users\basquiat\documents\toolboxes-indiens\symphony-5.6\clp\msvisualstudio\v10\libclp\x64-v120-debug\clpmessage.obj
c:\users\basquiat\documents\toolboxes-indiens\symphony-5.6\clp\msvisualstudio\v10\libclp\x64-v120-debug\clpmodel.obj
c:\users\basquiat\documents\toolboxes-indiens\symphony-5.6\clp\msvisualstudio\v10\libclp\x64-v120-debug\clpnetworkbasis.obj
c:\users\basquiat\documents\toolboxes-indiens\symphony-5.6\clp\msvisualstudio\v10\libclp\x64-v120-debug\clpnetworkmatrix.obj
c:\users\basquiat\documents\toolboxes-indiens\symphony-5.6\clp\msvisualstudio\v10\libclp\x64-v120-debug\clpnode.obj
c:\users\basquiat\documents\toolboxes-indiens\symphony-5.6\clp\msvisualstudio\v10\libclp\x64-v120-debug\clp_c_interface.obj
c:\users\basquiat\documents\toolboxes-indiens\symphony-5.6\clp\msvisualstudio\v10\libclp\x64-v120-debug\clpcholeskybase.obj
c:\users\basquiat\documents\toolboxes-indiens\symphony-5.6\clp\msvisualstudio\v10\libclp\x64-v120-debug\clpcholeskydense.obj
c:\users\basquiat\documents\toolboxes-indiens\symphony-5.6\clp\msvisualstudio\v10\libclp\x64-v120-debug\clpconstraint.obj
c:\users\basquiat\documents\toolboxes-indiens\symphony-5.6\clp\msvisualstudio\v10\libclp\x64-v120-debug\clpconstraintlinear.obj
c:\users\basquiat\documents\toolboxes-indiens\symphony-5.6\clp\msvisualstudio\v10\libclp\x64-v120-debug\clpconstraintquadratic.obj
c:\users\basquiat\documents\toolboxes-indiens\symphony-5.6\symphony\msvisualstudio\v10\x64-v120-debug\libclp.lib
c:\users\basquiat\src\symphony\clp\msvisualstudio\v10\libclp\x64-v120-debug\clpcholeskybase.obj
c:\users\basquiat\src\symphony\clp\msvisualstudio\v10\libclp\x64-v120-debug\clpcholeskydense.obj
c:\users\basquiat\src\symphony\clp\msvisualstudio\v10\libclp\x64-v120-debug\clpconstraint.obj
c:\users\basquiat\src\symphony\clp\msvisualstudio\v10\libclp\x64-v120-debug\clpconstraintlinear.obj
c:\users\basquiat\src\symphony\clp\msvisualstudio\v10\libclp\x64-v120-debug\clpconstraintquadratic.obj
c:\users\basquiat\src\symphony\clp\msvisualstudio\v10\libclp\x64-v120-debug\clpdualrowdantzig.obj
c:\users\basquiat\src\symphony\clp\msvisualstudio\v10\libclp\x64-v120-debug\clpdualrowpivot.obj
c:\users\basquiat\src\symphony\clp\msvisualstudio\v10\libclp\x64-v120-debug\clpdualrowsteepest.obj
c:\users\basquiat\src\symphony\clp\msvisualstudio\v10\libclp\x64-v120-debug\clpdummymatrix.obj
c:\users\basquiat\src\symphony\clp\msvisualstudio\v10\libclp\x64-v120-debug\clpdynamicexamplematrix.obj
c:\users\basquiat\src\symphony\clp\msvisualstudio\v10\libclp\x64-v120-debug\clpdynamicmatrix.obj
c:\users\basquiat\src\symphony\clp\msvisualstudio\v10\libclp\x64-v120-debug\clpeventhandler.obj
c:\users\basquiat\src\symphony\clp\msvisualstudio\v10\libclp\x64-v120-debug\clpfactorization.obj
c:\users\basquiat\src\symphony\clp\msvisualstudio\v10\libclp\x64-v120-debug\clpgubdynamicmatrix.obj
c:\users\basquiat\src\symphony\clp\msvisualstudio\v10\libclp\x64-v120-debug\clpgubmatrix.obj
c:\users\basquiat\src\symphony\clp\msvisualstudio\v10\libclp\x64-v120-debug\clphelperfunctions.obj
c:\users\basquiat\src\symphony\clp\msvisualstudio\v10\libclp\x64-v120-debug\clpinterior.obj
c:\users\basquiat\src\symphony\clp\msvisualstudio\v10\libclp\x64-v120-debug\clplinearobjective.obj
c:\users\basquiat\src\symphony\clp\msvisualstudio\v10\libclp\x64-v120-debug\clplsqr.obj
c:\users\basquiat\src\symphony\clp\msvisualstudio\v10\libclp\x64-v120-debug\clpmatrixbase.obj
c:\users\basquiat\src\symphony\clp\msvisualstudio\v10\libclp\x64-v120-debug\clpmessage.obj
c:\users\basquiat\src\symphony\clp\msvisualstudio\v10\libclp\x64-v120-debug\clpmodel.obj
c:\users\basquiat\src\symphony\clp\msvisualstudio\v10\libclp\x64-v120-debug\clpnetworkbasis.obj
c:\users\basquiat\src\symphony\clp\msvisualstudio\v10\libclp\x64-v120-debug\clpnetworkmatrix.obj
c:\users\basquiat\src\symphony\clp\msvisualstudio\v10\libclp\x64-v120-debug\clpnode.obj
c:\users\basquiat\src\symphony\clp\msvisualstudio\v10\libclp\x64-v120-debug\clpnonlinearcost.obj
c:\users\basquiat\src\symphony\clp\msvisualstudio\v10\libclp\x64-v120-debug\clpobjective.obj
c:\users\basquiat\src\symphony\clp\msvisualstudio\v10\libclp\x64-v120-debug\clppackedmatrix.obj
c:\users\basquiat\src\symphony\clp\msvisualstudio\v10\libclp\x64-v120-debug\clppdco.obj
c:\users\basquiat\src\symphony\clp\msvisualstudio\v10\libclp\x64-v120-debug\clppdcobase.obj
c:\users\basquiat\src\symphony\clp\msvisualstudio\v10\libclp\x64-v120-debug\clpplusminusonematrix.obj
c:\users\basquiat\src\symphony\clp\msvisualstudio\v10\libclp\x64-v120-debug\clppredictorcorrector.obj
c:\users\basquiat\src\symphony\clp\msvisualstudio\v10\libclp\x64-v120-debug\clppresolve.obj
c:\users\basquiat\src\symphony\clp\msvisualstudio\v10\libclp\x64-v120-debug\clpprimalcolumndantzig.obj
c:\users\basquiat\src\symphony\clp\msvisualstudio\v10\libclp\x64-v120-debug\clpprimalcolumnpivot.obj
c:\users\basquiat\src\symphony\clp\msvisualstudio\v10\libclp\x64-v120-debug\clpprimalcolumnsteepest.obj
c:\users\basquiat\src\symphony\clp\msvisualstudio\v10\libclp\x64-v120-debug\clpquadraticobjective.obj
c:\users\basquiat\src\symphony\clp\msvisualstudio\v10\libclp\x64-v120-debug\clpsimplex.obj
c:\users\basquiat\src\symphony\clp\msvisualstudio\v10\libclp\x64-v120-debug\clpsimplexdual.obj
c:\users\basquiat\src\symphony\clp\msvisualstudio\v10\libclp\x64-v120-debug\clpsimplexnonlinear.obj
c:\users\basquiat\src\symphony\clp\msvisualstudio\v10\libclp\x64-v120-debug\clpsimplexother.obj
c:\users\basquiat\src\symphony\clp\msvisualstudio\v10\libclp\x64-v120-debug\clpsimplexprimal.obj
c:\users\basquiat\src\symphony\clp\msvisualstudio\v10\libclp\x64-v120-debug\clpsolve.obj
c:\users\basquiat\src\symphony\clp\msvisualstudio\v10\libclp\x64-v120-debug\clp_c_interface.obj
c:\users\basquiat\src\symphony\clp\msvisualstudio\v10\libclp\x64-v120-debug\idiot.obj
c:\users\basquiat\src\symphony\clp\msvisualstudio\v10\libclp\x64-v120-debug\idisolve.obj
c:\users\basquiat\src\symphony\clp\msvisualstudio\v10\libclp\x64-v120-debug\vc120.idb
c:\users\basquiat\src\symphony\clp\msvisualstudio\v10\libclp\x64-v120-debug\vc120.pdb
c:\users\basquiat\src\symphony\symphony\msvisualstudio\v10\x64-v120-debug\libclp.lib
c:\users\basquiat\src\symphony\clp\msvisualstudio\v10\libclp\x64-v120-debug\libclp.tlog\cl.command.1.tlog
c:\users\basquiat\src\symphony\clp\msvisualstudio\v10\libclp\x64-v120-debug\libclp.tlog\cl.read.1.tlog
c:\users\basquiat\src\symphony\clp\msvisualstudio\v10\libclp\x64-v120-debug\libclp.tlog\cl.write.1.tlog
c:\users\basquiat\src\symphony\clp\msvisualstudio\v10\libclp\x64-v120-debug\libclp.tlog\lib-link.read.1.tlog
c:\users\basquiat\src\symphony\clp\msvisualstudio\v10\libclp\x64-v120-debug\libclp.tlog\lib-link.write.1.tlog
c:\users\basquiat\src\symphony\clp\msvisualstudio\v10\libclp\x64-v120-debug\libclp.tlog\lib.command.1.tlog
