c:\users\basquiat\documents\toolboxes-indiens\symphony-5.6\osi\msvisualstudio\v10\libosi\x64-v120-debug\vc120.pdb
c:\users\basquiat\documents\toolboxes-indiens\symphony-5.6\osi\msvisualstudio\v10\libosi\x64-v120-debug\vc120.idb
c:\users\basquiat\documents\toolboxes-indiens\symphony-5.6\osi\msvisualstudio\v10\libosi\x64-v120-debug\osiauxinfo.obj
c:\users\basquiat\documents\toolboxes-indiens\symphony-5.6\osi\msvisualstudio\v10\libosi\x64-v120-debug\osibranchingobject.obj
c:\users\basquiat\documents\toolboxes-indiens\symphony-5.6\osi\msvisualstudio\v10\libosi\x64-v120-debug\osichoosevariable.obj
c:\users\basquiat\documents\toolboxes-indiens\symphony-5.6\osi\msvisualstudio\v10\libosi\x64-v120-debug\osicolcut.obj
c:\users\basquiat\documents\toolboxes-indiens\symphony-5.6\osi\msvisualstudio\v10\libosi\x64-v120-debug\osicut.obj
c:\users\basquiat\documents\toolboxes-indiens\symphony-5.6\osi\msvisualstudio\v10\libosi\x64-v120-debug\osicuts.obj
c:\users\basquiat\documents\toolboxes-indiens\symphony-5.6\osi\msvisualstudio\v10\libosi\x64-v120-debug\osinames.obj
c:\users\basquiat\documents\toolboxes-indiens\symphony-5.6\osi\msvisualstudio\v10\libosi\x64-v120-debug\osipresolve.obj
c:\users\basquiat\documents\toolboxes-indiens\symphony-5.6\osi\msvisualstudio\v10\libosi\x64-v120-debug\osirowcut.obj
c:\users\basquiat\documents\toolboxes-indiens\symphony-5.6\osi\msvisualstudio\v10\libosi\x64-v120-debug\osirowcutdebugger.obj
c:\users\basquiat\documents\toolboxes-indiens\symphony-5.6\osi\msvisualstudio\v10\libosi\x64-v120-debug\osisolverbranch.obj
c:\users\basquiat\documents\toolboxes-indiens\symphony-5.6\osi\msvisualstudio\v10\libosi\x64-v120-debug\osisolverinterface.obj
c:\users\basquiat\documents\toolboxes-indiens\symphony-5.6\symphony\msvisualstudio\v10\x64-v120-debug\libosi.lib
c:\users\basquiat\src\symphony\osi\msvisualstudio\v10\libosi\x64-v120-debug\osiauxinfo.obj
c:\users\basquiat\src\symphony\osi\msvisualstudio\v10\libosi\x64-v120-debug\osibranchingobject.obj
c:\users\basquiat\src\symphony\osi\msvisualstudio\v10\libosi\x64-v120-debug\osichoosevariable.obj
c:\users\basquiat\src\symphony\osi\msvisualstudio\v10\libosi\x64-v120-debug\osicolcut.obj
c:\users\basquiat\src\symphony\osi\msvisualstudio\v10\libosi\x64-v120-debug\osicut.obj
c:\users\basquiat\src\symphony\osi\msvisualstudio\v10\libosi\x64-v120-debug\osicuts.obj
c:\users\basquiat\src\symphony\osi\msvisualstudio\v10\libosi\x64-v120-debug\osinames.obj
c:\users\basquiat\src\symphony\osi\msvisualstudio\v10\libosi\x64-v120-debug\osipresolve.obj
c:\users\basquiat\src\symphony\osi\msvisualstudio\v10\libosi\x64-v120-debug\osirowcut.obj
c:\users\basquiat\src\symphony\osi\msvisualstudio\v10\libosi\x64-v120-debug\osirowcutdebugger.obj
c:\users\basquiat\src\symphony\osi\msvisualstudio\v10\libosi\x64-v120-debug\osisolverbranch.obj
c:\users\basquiat\src\symphony\osi\msvisualstudio\v10\libosi\x64-v120-debug\osisolverinterface.obj
c:\users\basquiat\src\symphony\osi\msvisualstudio\v10\libosi\x64-v120-debug\vc120.idb
c:\users\basquiat\src\symphony\osi\msvisualstudio\v10\libosi\x64-v120-debug\vc120.pdb
c:\users\basquiat\src\symphony\symphony\msvisualstudio\v10\x64-v120-debug\libosi.lib
c:\users\basquiat\src\symphony\osi\msvisualstudio\v10\libosi\x64-v120-debug\libosi.tlog\cl.command.1.tlog
c:\users\basquiat\src\symphony\osi\msvisualstudio\v10\libosi\x64-v120-debug\libosi.tlog\cl.read.1.tlog
c:\users\basquiat\src\symphony\osi\msvisualstudio\v10\libosi\x64-v120-debug\libosi.tlog\cl.write.1.tlog
c:\users\basquiat\src\symphony\osi\msvisualstudio\v10\libosi\x64-v120-debug\libosi.tlog\lib-link.read.1.tlog
c:\users\basquiat\src\symphony\osi\msvisualstudio\v10\libosi\x64-v120-debug\libosi.tlog\lib-link.write.1.tlog
c:\users\basquiat\src\symphony\osi\msvisualstudio\v10\libosi\x64-v120-debug\libosi.tlog\lib.command.1.tlog
