C:\USERS\BASQUIAT\DOCUMENTS\TOOLBOXES INDIENS\SYMPHONY-5.6\CGL\MSVISUALSTUDIO\V10\LIBCGL\WIN32-V110-DEBUG\CGLMIXEDINTEGERROUNDING.OBJ
C:\USERS\BASQUIAT\DOCUMENTS\TOOLBOXES INDIENS\SYMPHONY-5.6\CGL\MSVISUALSTUDIO\V10\LIBCGL\WIN32-V110-DEBUG\CGLMIXEDINTEGERROUNDING2.OBJ
C:\USERS\BASQUIAT\DOCUMENTS\TOOLBOXES INDIENS\SYMPHONY-5.6\CGL\MSVISUALSTUDIO\V10\LIBCGL\WIN32-V110-DEBUG\CGLODDHOLE.OBJ
C:\USERS\BASQUIAT\DOCUMENTS\TOOLBOXES INDIENS\SYMPHONY-5.6\CGL\MSVISUALSTUDIO\V10\LIBCGL\WIN32-V110-DEBUG\CGLPARAM.OBJ
C:\USERS\BASQUIAT\DOCUMENTS\TOOLBOXES INDIENS\SYMPHONY-5.6\CGL\MSVISUALSTUDIO\V10\LIBCGL\WIN32-V110-DEBUG\CGLPREPROCESS.OBJ
C:\USERS\BASQUIAT\DOCUMENTS\TOOLBOXES INDIENS\SYMPHONY-5.6\CGL\MSVISUALSTUDIO\V10\LIBCGL\WIN32-V110-DEBUG\CGLPROBING.OBJ
C:\USERS\BASQUIAT\DOCUMENTS\TOOLBOXES INDIENS\SYMPHONY-5.6\CGL\MSVISUALSTUDIO\V10\LIBCGL\WIN32-V110-DEBUG\CGLREDSPLIT2.OBJ
C:\USERS\BASQUIAT\DOCUMENTS\TOOLBOXES INDIENS\SYMPHONY-5.6\CGL\MSVISUALSTUDIO\V10\LIBCGL\WIN32-V110-DEBUG\CGLREDSPLIT2PARAM.OBJ
C:\USERS\BASQUIAT\DOCUMENTS\TOOLBOXES INDIENS\SYMPHONY-5.6\CGL\MSVISUALSTUDIO\V10\LIBCGL\WIN32-V110-DEBUG\CGLREDSPLIT2TEST.OBJ
C:\USERS\BASQUIAT\DOCUMENTS\TOOLBOXES INDIENS\SYMPHONY-5.6\CGL\MSVISUALSTUDIO\V10\LIBCGL\WIN32-V110-DEBUG\CGLREDSPLIT.OBJ
C:\USERS\BASQUIAT\DOCUMENTS\TOOLBOXES INDIENS\SYMPHONY-5.6\CGL\MSVISUALSTUDIO\V10\LIBCGL\WIN32-V110-DEBUG\CGLREDSPLITPARAM.OBJ
C:\USERS\BASQUIAT\DOCUMENTS\TOOLBOXES INDIENS\SYMPHONY-5.6\CGL\MSVISUALSTUDIO\V10\LIBCGL\WIN32-V110-DEBUG\CGLRESIDUALCAPACITY.OBJ
C:\USERS\BASQUIAT\DOCUMENTS\TOOLBOXES INDIENS\SYMPHONY-5.6\CGL\MSVISUALSTUDIO\V10\LIBCGL\WIN32-V110-DEBUG\CGLRESIDUALCAPACITYTEST.OBJ
C:\USERS\BASQUIAT\DOCUMENTS\TOOLBOXES INDIENS\SYMPHONY-5.6\CGL\MSVISUALSTUDIO\V10\LIBCGL\WIN32-V110-DEBUG\CGLSIMPLEROUNDING.OBJ
C:\USERS\BASQUIAT\DOCUMENTS\TOOLBOXES INDIENS\SYMPHONY-5.6\CGL\MSVISUALSTUDIO\V10\LIBCGL\WIN32-V110-DEBUG\CGLSTORED.OBJ
C:\USERS\BASQUIAT\DOCUMENTS\TOOLBOXES INDIENS\SYMPHONY-5.6\CGL\MSVISUALSTUDIO\V10\LIBCGL\WIN32-V110-DEBUG\CGLTREEINFO.OBJ
C:\USERS\BASQUIAT\DOCUMENTS\TOOLBOXES INDIENS\SYMPHONY-5.6\CGL\MSVISUALSTUDIO\V10\LIBCGL\WIN32-V110-DEBUG\CGLTWOMIR.OBJ
C:\USERS\BASQUIAT\DOCUMENTS\TOOLBOXES INDIENS\SYMPHONY-5.6\CGL\MSVISUALSTUDIO\V10\LIBCGL\WIN32-V110-DEBUG\CGL012CUT.OBJ
C:\USERS\BASQUIAT\DOCUMENTS\TOOLBOXES INDIENS\SYMPHONY-5.6\CGL\MSVISUALSTUDIO\V10\LIBCGL\WIN32-V110-DEBUG\CGLZEROHALF.OBJ
C:\USERS\BASQUIAT\DOCUMENTS\TOOLBOXES INDIENS\SYMPHONY-5.6\CGL\MSVISUALSTUDIO\V10\LIBCGL\WIN32-V110-DEBUG\CGLZEROHALFTEST.OBJ
C:\USERS\BASQUIAT\DOCUMENTS\TOOLBOXES INDIENS\SYMPHONY-5.6\CGL\MSVISUALSTUDIO\V10\LIBCGL\WIN32-V110-DEBUG\CGLALLDIFFERENT.OBJ
C:\USERS\BASQUIAT\DOCUMENTS\TOOLBOXES INDIENS\SYMPHONY-5.6\CGL\MSVISUALSTUDIO\V10\LIBCGL\WIN32-V110-DEBUG\CGLCLIQUE.OBJ
C:\USERS\BASQUIAT\DOCUMENTS\TOOLBOXES INDIENS\SYMPHONY-5.6\CGL\MSVISUALSTUDIO\V10\LIBCGL\WIN32-V110-DEBUG\CGLCLIQUEHELPER.OBJ
C:\USERS\BASQUIAT\DOCUMENTS\TOOLBOXES INDIENS\SYMPHONY-5.6\CGL\MSVISUALSTUDIO\V10\LIBCGL\WIN32-V110-DEBUG\CGLCUTGENERATOR.OBJ
C:\USERS\BASQUIAT\DOCUMENTS\TOOLBOXES INDIENS\SYMPHONY-5.6\CGL\MSVISUALSTUDIO\V10\LIBCGL\WIN32-V110-DEBUG\CGLDUPLICATEROW.OBJ
C:\USERS\BASQUIAT\DOCUMENTS\TOOLBOXES INDIENS\SYMPHONY-5.6\CGL\MSVISUALSTUDIO\V10\LIBCGL\WIN32-V110-DEBUG\CGLFLOWCOVER.OBJ
C:\USERS\BASQUIAT\DOCUMENTS\TOOLBOXES INDIENS\SYMPHONY-5.6\CGL\MSVISUALSTUDIO\V10\LIBCGL\WIN32-V110-DEBUG\CGLGMI.OBJ
C:\USERS\BASQUIAT\DOCUMENTS\TOOLBOXES INDIENS\SYMPHONY-5.6\CGL\MSVISUALSTUDIO\V10\LIBCGL\WIN32-V110-DEBUG\CGLGMIPARAM.OBJ
C:\USERS\BASQUIAT\DOCUMENTS\TOOLBOXES INDIENS\SYMPHONY-5.6\CGL\MSVISUALSTUDIO\V10\LIBCGL\WIN32-V110-DEBUG\CGLGOMORY.OBJ
C:\USERS\BASQUIAT\DOCUMENTS\TOOLBOXES INDIENS\SYMPHONY-5.6\CGL\MSVISUALSTUDIO\V10\LIBCGL\WIN32-V110-DEBUG\CGLKNAPSACKCOVER.OBJ
C:\USERS\BASQUIAT\DOCUMENTS\TOOLBOXES INDIENS\SYMPHONY-5.6\CGL\MSVISUALSTUDIO\V10\LIBCGL\WIN32-V110-DEBUG\CGLLANDP.OBJ
C:\USERS\BASQUIAT\DOCUMENTS\TOOLBOXES INDIENS\SYMPHONY-5.6\CGL\MSVISUALSTUDIO\V10\LIBCGL\WIN32-V110-DEBUG\CGLLANDPMESSAGES.OBJ
C:\USERS\BASQUIAT\DOCUMENTS\TOOLBOXES INDIENS\SYMPHONY-5.6\CGL\MSVISUALSTUDIO\V10\LIBCGL\WIN32-V110-DEBUG\CGLLANDPSIMPLEX.OBJ
C:\USERS\BASQUIAT\DOCUMENTS\TOOLBOXES INDIENS\SYMPHONY-5.6\CGL\MSVISUALSTUDIO\V10\LIBCGL\WIN32-V110-DEBUG\CGLLANDPTABROW.OBJ
C:\USERS\BASQUIAT\DOCUMENTS\TOOLBOXES INDIENS\SYMPHONY-5.6\CGL\MSVISUALSTUDIO\V10\LIBCGL\WIN32-V110-DEBUG\CGLLANDPUTILS.OBJ
C:\USERS\BASQUIAT\DOCUMENTS\TOOLBOXES INDIENS\SYMPHONY-5.6\CGL\MSVISUALSTUDIO\V10\LIBCGL\WIN32-V110-DEBUG\CGLLANDPVALIDATOR.OBJ
C:\USERS\BASQUIAT\DOCUMENTS\TOOLBOXES INDIENS\SYMPHONY-5.6\CGL\MSVISUALSTUDIO\V10\LIBCGL\WIN32-V110-DEBUG\CGLLIFTANDPROJECT.OBJ
C:\USERS\BASQUIAT\DOCUMENTS\TOOLBOXES INDIENS\SYMPHONY-5.6\CGL\MSVISUALSTUDIO\V10\LIBCGL\WIN32-V110-DEBUG\CGLMESSAGE.OBJ
C:\USERS\BASQUIAT\DOCUMENTS\TOOLBOXES INDIENS\SYMPHONY-5.6\CGL\MSVISUALSTUDIO\V10\LIBCGL\WIN32-V110-DEBUG\VC110.PDB
C:\USERS\BASQUIAT\DOCUMENTS\TOOLBOXES INDIENS\SYMPHONY-5.6\SYMPHONY\MSVISUALSTUDIO\V10\WIN32-V110-DEBUG\LIBCGL.LIB
C:\Users\basquiat\Documents\Toolboxes indiens\SYMPHONY-5.6\Cgl\MSVisualStudio\v10\libCgl\Win32-v110-Debug\Cgl012cut.obj
C:\Users\basquiat\Documents\Toolboxes indiens\SYMPHONY-5.6\Cgl\MSVisualStudio\v10\libCgl\Win32-v110-Debug\CglAllDifferent.obj
C:\Users\basquiat\Documents\Toolboxes indiens\SYMPHONY-5.6\Cgl\MSVisualStudio\v10\libCgl\Win32-v110-Debug\CglClique.obj
C:\Users\basquiat\Documents\Toolboxes indiens\SYMPHONY-5.6\Cgl\MSVisualStudio\v10\libCgl\Win32-v110-Debug\CglCliqueHelper.obj
C:\Users\basquiat\Documents\Toolboxes indiens\SYMPHONY-5.6\Cgl\MSVisualStudio\v10\libCgl\Win32-v110-Debug\CglCutGenerator.obj
C:\Users\basquiat\Documents\Toolboxes indiens\SYMPHONY-5.6\Cgl\MSVisualStudio\v10\libCgl\Win32-v110-Debug\CglDuplicateRow.obj
C:\Users\basquiat\Documents\Toolboxes indiens\SYMPHONY-5.6\Cgl\MSVisualStudio\v10\libCgl\Win32-v110-Debug\CglFlowCover.obj
C:\Users\basquiat\Documents\Toolboxes indiens\SYMPHONY-5.6\Cgl\MSVisualStudio\v10\libCgl\Win32-v110-Debug\CglGMI.obj
C:\Users\basquiat\Documents\Toolboxes indiens\SYMPHONY-5.6\Cgl\MSVisualStudio\v10\libCgl\Win32-v110-Debug\CglGMIParam.obj
C:\Users\basquiat\Documents\Toolboxes indiens\SYMPHONY-5.6\Cgl\MSVisualStudio\v10\libCgl\Win32-v110-Debug\CglGomory.obj
C:\Users\basquiat\Documents\Toolboxes indiens\SYMPHONY-5.6\Cgl\MSVisualStudio\v10\libCgl\Win32-v110-Debug\CglKnapsackCover.obj
C:\Users\basquiat\Documents\Toolboxes indiens\SYMPHONY-5.6\Cgl\MSVisualStudio\v10\libCgl\Win32-v110-Debug\CglLandP.obj
C:\Users\basquiat\Documents\Toolboxes indiens\SYMPHONY-5.6\Cgl\MSVisualStudio\v10\libCgl\Win32-v110-Debug\CglLandPMessages.obj
C:\Users\basquiat\Documents\Toolboxes indiens\SYMPHONY-5.6\Cgl\MSVisualStudio\v10\libCgl\Win32-v110-Debug\CglLandPSimplex.obj
C:\Users\basquiat\Documents\Toolboxes indiens\SYMPHONY-5.6\Cgl\MSVisualStudio\v10\libCgl\Win32-v110-Debug\CglLandPTabRow.obj
C:\Users\basquiat\Documents\Toolboxes indiens\SYMPHONY-5.6\Cgl\MSVisualStudio\v10\libCgl\Win32-v110-Debug\CglLandPUtils.obj
C:\Users\basquiat\Documents\Toolboxes indiens\SYMPHONY-5.6\Cgl\MSVisualStudio\v10\libCgl\Win32-v110-Debug\CglLandPValidator.obj
C:\Users\basquiat\Documents\Toolboxes indiens\SYMPHONY-5.6\Cgl\MSVisualStudio\v10\libCgl\Win32-v110-Debug\CglLiftAndProject.obj
C:\Users\basquiat\Documents\Toolboxes indiens\SYMPHONY-5.6\Cgl\MSVisualStudio\v10\libCgl\Win32-v110-Debug\CglMessage.obj
C:\Users\basquiat\Documents\Toolboxes indiens\SYMPHONY-5.6\Cgl\MSVisualStudio\v10\libCgl\Win32-v110-Debug\CglMixedIntegerRounding.obj
C:\Users\basquiat\Documents\Toolboxes indiens\SYMPHONY-5.6\Cgl\MSVisualStudio\v10\libCgl\Win32-v110-Debug\CglMixedIntegerRounding2.obj
C:\Users\basquiat\Documents\Toolboxes indiens\SYMPHONY-5.6\Cgl\MSVisualStudio\v10\libCgl\Win32-v110-Debug\CglOddHole.obj
C:\Users\basquiat\Documents\Toolboxes indiens\SYMPHONY-5.6\Cgl\MSVisualStudio\v10\libCgl\Win32-v110-Debug\CglParam.obj
C:\Users\basquiat\Documents\Toolboxes indiens\SYMPHONY-5.6\Cgl\MSVisualStudio\v10\libCgl\Win32-v110-Debug\CglPreProcess.obj
C:\Users\basquiat\Documents\Toolboxes indiens\SYMPHONY-5.6\Cgl\MSVisualStudio\v10\libCgl\Win32-v110-Debug\CglProbing.obj
C:\Users\basquiat\Documents\Toolboxes indiens\SYMPHONY-5.6\Cgl\MSVisualStudio\v10\libCgl\Win32-v110-Debug\CglRedSplit.obj
C:\Users\basquiat\Documents\Toolboxes indiens\SYMPHONY-5.6\Cgl\MSVisualStudio\v10\libCgl\Win32-v110-Debug\CglRedSplit2.obj
C:\Users\basquiat\Documents\Toolboxes indiens\SYMPHONY-5.6\Cgl\MSVisualStudio\v10\libCgl\Win32-v110-Debug\CglRedSplit2Param.obj
C:\Users\basquiat\Documents\Toolboxes indiens\SYMPHONY-5.6\Cgl\MSVisualStudio\v10\libCgl\Win32-v110-Debug\CglRedSplit2Test.obj
C:\Users\basquiat\Documents\Toolboxes indiens\SYMPHONY-5.6\Cgl\MSVisualStudio\v10\libCgl\Win32-v110-Debug\CglRedSplitParam.obj
C:\Users\basquiat\Documents\Toolboxes indiens\SYMPHONY-5.6\Cgl\MSVisualStudio\v10\libCgl\Win32-v110-Debug\CglResidualCapacity.obj
C:\Users\basquiat\Documents\Toolboxes indiens\SYMPHONY-5.6\Cgl\MSVisualStudio\v10\libCgl\Win32-v110-Debug\CglResidualCapacityTest.obj
C:\Users\basquiat\Documents\Toolboxes indiens\SYMPHONY-5.6\Cgl\MSVisualStudio\v10\libCgl\Win32-v110-Debug\CglSimpleRounding.obj
C:\Users\basquiat\Documents\Toolboxes indiens\SYMPHONY-5.6\Cgl\MSVisualStudio\v10\libCgl\Win32-v110-Debug\CglStored.obj
C:\Users\basquiat\Documents\Toolboxes indiens\SYMPHONY-5.6\Cgl\MSVisualStudio\v10\libCgl\Win32-v110-Debug\CglTreeInfo.obj
C:\Users\basquiat\Documents\Toolboxes indiens\SYMPHONY-5.6\Cgl\MSVisualStudio\v10\libCgl\Win32-v110-Debug\CglTwomir.obj
C:\Users\basquiat\Documents\Toolboxes indiens\SYMPHONY-5.6\Cgl\MSVisualStudio\v10\libCgl\Win32-v110-Debug\CglZeroHalf.obj
C:\Users\basquiat\Documents\Toolboxes indiens\SYMPHONY-5.6\Cgl\MSVisualStudio\v10\libCgl\Win32-v110-Debug\CglZeroHalfTest.obj
C:\Users\basquiat\Documents\Toolboxes indiens\SYMPHONY-5.6\Cgl\MSVisualStudio\v10\libCgl\Win32-v110-Debug\cl.command.1.tlog
C:\Users\basquiat\Documents\Toolboxes indiens\SYMPHONY-5.6\Cgl\MSVisualStudio\v10\libCgl\Win32-v110-Debug\CL.read.1.tlog
C:\Users\basquiat\Documents\Toolboxes indiens\SYMPHONY-5.6\Cgl\MSVisualStudio\v10\libCgl\Win32-v110-Debug\CL.write.1.tlog
C:\Users\basquiat\Documents\Toolboxes indiens\SYMPHONY-5.6\Cgl\MSVisualStudio\v10\libCgl\Win32-v110-Debug\Lib-link.read.1.tlog
C:\Users\basquiat\Documents\Toolboxes indiens\SYMPHONY-5.6\Cgl\MSVisualStudio\v10\libCgl\Win32-v110-Debug\Lib-link.write.1.tlog
C:\Users\basquiat\Documents\Toolboxes indiens\SYMPHONY-5.6\Cgl\MSVisualStudio\v10\libCgl\Win32-v110-Debug\lib.command.1.tlog
C:\Users\basquiat\Documents\Toolboxes indiens\SYMPHONY-5.6\Cgl\MSVisualStudio\v10\libCgl\Win32-v110-Debug\vc110.idb
C:\Users\basquiat\Documents\Toolboxes indiens\SYMPHONY-5.6\Cgl\MSVisualStudio\v10\libCgl\Win32-v110-Debug\vc110.pdb
C:\Users\basquiat\Documents\Toolboxes indiens\SYMPHONY-5.6\SYMPHONY\MSVisualStudio\v10\Win32-v110-Debug\libCgl.lib
