c:\users\basquiat\documents\toolboxes-indiens\symphony-5.6\coinutils\msvisualstudio\v10\libcoinutils\x64-v120-debug\vc120.pdb
c:\users\basquiat\documents\toolboxes-indiens\symphony-5.6\coinutils\msvisualstudio\v10\libcoinutils\x64-v120-debug\vc120.idb
c:\users\basquiat\documents\toolboxes-indiens\symphony-5.6\coinutils\msvisualstudio\v10\libcoinutils\x64-v120-debug\coinpresolveimpliedfree.obj
c:\users\basquiat\documents\toolboxes-indiens\symphony-5.6\coinutils\msvisualstudio\v10\libcoinutils\x64-v120-debug\coinpresolveisolated.obj
c:\users\basquiat\documents\toolboxes-indiens\symphony-5.6\coinutils\msvisualstudio\v10\libcoinutils\x64-v120-debug\coinpresolvematrix.obj
c:\users\basquiat\documents\toolboxes-indiens\symphony-5.6\coinutils\msvisualstudio\v10\libcoinutils\x64-v120-debug\coinpresolvepsdebug.obj
c:\users\basquiat\documents\toolboxes-indiens\symphony-5.6\coinutils\msvisualstudio\v10\libcoinutils\x64-v120-debug\coinpresolvesingleton.obj
c:\users\basquiat\documents\toolboxes-indiens\symphony-5.6\coinutils\msvisualstudio\v10\libcoinutils\x64-v120-debug\coinpresolvesubst.obj
c:\users\basquiat\documents\toolboxes-indiens\symphony-5.6\coinutils\msvisualstudio\v10\libcoinutils\x64-v120-debug\coinpresolvetighten.obj
c:\users\basquiat\documents\toolboxes-indiens\symphony-5.6\coinutils\msvisualstudio\v10\libcoinutils\x64-v120-debug\coinpresolvetripleton.obj
c:\users\basquiat\documents\toolboxes-indiens\symphony-5.6\coinutils\msvisualstudio\v10\libcoinutils\x64-v120-debug\coinpresolveuseless.obj
c:\users\basquiat\documents\toolboxes-indiens\symphony-5.6\coinutils\msvisualstudio\v10\libcoinutils\x64-v120-debug\coinpresolvezeros.obj
c:\users\basquiat\documents\toolboxes-indiens\symphony-5.6\coinutils\msvisualstudio\v10\libcoinutils\x64-v120-debug\coinrational.obj
c:\users\basquiat\documents\toolboxes-indiens\symphony-5.6\coinutils\msvisualstudio\v10\libcoinutils\x64-v120-debug\coinsearchtree.obj
c:\users\basquiat\documents\toolboxes-indiens\symphony-5.6\coinutils\msvisualstudio\v10\libcoinutils\x64-v120-debug\coinshallowpackedvector.obj
c:\users\basquiat\documents\toolboxes-indiens\symphony-5.6\coinutils\msvisualstudio\v10\libcoinutils\x64-v120-debug\coinsimpfactorization.obj
c:\users\basquiat\documents\toolboxes-indiens\symphony-5.6\coinutils\msvisualstudio\v10\libcoinutils\x64-v120-debug\coinsnapshot.obj
c:\users\basquiat\documents\toolboxes-indiens\symphony-5.6\coinutils\msvisualstudio\v10\libcoinutils\x64-v120-debug\coinstructuredmodel.obj
c:\users\basquiat\documents\toolboxes-indiens\symphony-5.6\coinutils\msvisualstudio\v10\libcoinutils\x64-v120-debug\coinwarmstartbasis.obj
c:\users\basquiat\documents\toolboxes-indiens\symphony-5.6\coinutils\msvisualstudio\v10\libcoinutils\x64-v120-debug\coinwarmstartdual.obj
c:\users\basquiat\documents\toolboxes-indiens\symphony-5.6\coinutils\msvisualstudio\v10\libcoinutils\x64-v120-debug\coinwarmstartprimaldual.obj
c:\users\basquiat\documents\toolboxes-indiens\symphony-5.6\coinutils\msvisualstudio\v10\libcoinutils\x64-v120-debug\coinwarmstartvector.obj
c:\users\basquiat\documents\toolboxes-indiens\symphony-5.6\coinutils\msvisualstudio\v10\libcoinutils\x64-v120-debug\coinmodeluseful.obj
c:\users\basquiat\documents\toolboxes-indiens\symphony-5.6\coinutils\msvisualstudio\v10\libcoinutils\x64-v120-debug\coinmodeluseful2.obj
c:\users\basquiat\documents\toolboxes-indiens\symphony-5.6\coinutils\msvisualstudio\v10\libcoinutils\x64-v120-debug\coinmpsio.obj
c:\users\basquiat\documents\toolboxes-indiens\symphony-5.6\coinutils\msvisualstudio\v10\libcoinutils\x64-v120-debug\coinoslfactorization.obj
c:\users\basquiat\documents\toolboxes-indiens\symphony-5.6\coinutils\msvisualstudio\v10\libcoinutils\x64-v120-debug\coinoslfactorization2.obj
c:\users\basquiat\documents\toolboxes-indiens\symphony-5.6\coinutils\msvisualstudio\v10\libcoinutils\x64-v120-debug\coinoslfactorization3.obj
c:\users\basquiat\documents\toolboxes-indiens\symphony-5.6\coinutils\msvisualstudio\v10\libcoinutils\x64-v120-debug\coinpackedmatrix.obj
c:\users\basquiat\documents\toolboxes-indiens\symphony-5.6\coinutils\msvisualstudio\v10\libcoinutils\x64-v120-debug\coinpackedvector.obj
c:\users\basquiat\documents\toolboxes-indiens\symphony-5.6\coinutils\msvisualstudio\v10\libcoinutils\x64-v120-debug\coinpackedvectorbase.obj
c:\users\basquiat\documents\toolboxes-indiens\symphony-5.6\coinutils\msvisualstudio\v10\libcoinutils\x64-v120-debug\coinparam.obj
c:\users\basquiat\documents\toolboxes-indiens\symphony-5.6\coinutils\msvisualstudio\v10\libcoinutils\x64-v120-debug\coinparamutils.obj
c:\users\basquiat\documents\toolboxes-indiens\symphony-5.6\coinutils\msvisualstudio\v10\libcoinutils\x64-v120-debug\coinpostsolvematrix.obj
c:\users\basquiat\documents\toolboxes-indiens\symphony-5.6\coinutils\msvisualstudio\v10\libcoinutils\x64-v120-debug\coinprepostsolvematrix.obj
c:\users\basquiat\documents\toolboxes-indiens\symphony-5.6\coinutils\msvisualstudio\v10\libcoinutils\x64-v120-debug\coinpresolvedoubleton.obj
c:\users\basquiat\documents\toolboxes-indiens\symphony-5.6\coinutils\msvisualstudio\v10\libcoinutils\x64-v120-debug\coinpresolvedual.obj
c:\users\basquiat\documents\toolboxes-indiens\symphony-5.6\coinutils\msvisualstudio\v10\libcoinutils\x64-v120-debug\coinpresolvedupcol.obj
c:\users\basquiat\documents\toolboxes-indiens\symphony-5.6\coinutils\msvisualstudio\v10\libcoinutils\x64-v120-debug\coinpresolveempty.obj
c:\users\basquiat\documents\toolboxes-indiens\symphony-5.6\coinutils\msvisualstudio\v10\libcoinutils\x64-v120-debug\coinpresolvefixed.obj
c:\users\basquiat\documents\toolboxes-indiens\symphony-5.6\coinutils\msvisualstudio\v10\libcoinutils\x64-v120-debug\coinpresolveforcing.obj
c:\users\basquiat\documents\toolboxes-indiens\symphony-5.6\coinutils\msvisualstudio\v10\libcoinutils\x64-v120-debug\coinpresolvehelperfunctions.obj
c:\users\basquiat\documents\toolboxes-indiens\symphony-5.6\coinutils\msvisualstudio\v10\libcoinutils\x64-v120-debug\coinalloc.obj
c:\users\basquiat\documents\toolboxes-indiens\symphony-5.6\coinutils\msvisualstudio\v10\libcoinutils\x64-v120-debug\coinbuild.obj
c:\users\basquiat\documents\toolboxes-indiens\symphony-5.6\coinutils\msvisualstudio\v10\libcoinutils\x64-v120-debug\coindensefactorization.obj
c:\users\basquiat\documents\toolboxes-indiens\symphony-5.6\coinutils\msvisualstudio\v10\libcoinutils\x64-v120-debug\coindensevector.obj
c:\users\basquiat\documents\toolboxes-indiens\symphony-5.6\coinutils\msvisualstudio\v10\libcoinutils\x64-v120-debug\coinerror.obj
c:\users\basquiat\documents\toolboxes-indiens\symphony-5.6\coinutils\msvisualstudio\v10\libcoinutils\x64-v120-debug\coinfactorization1.obj
c:\users\basquiat\documents\toolboxes-indiens\symphony-5.6\coinutils\msvisualstudio\v10\libcoinutils\x64-v120-debug\coinfactorization2.obj
c:\users\basquiat\documents\toolboxes-indiens\symphony-5.6\coinutils\msvisualstudio\v10\libcoinutils\x64-v120-debug\coinfactorization3.obj
c:\users\basquiat\documents\toolboxes-indiens\symphony-5.6\coinutils\msvisualstudio\v10\libcoinutils\x64-v120-debug\coinfactorization4.obj
c:\users\basquiat\documents\toolboxes-indiens\symphony-5.6\coinutils\msvisualstudio\v10\libcoinutils\x64-v120-debug\coinfileio.obj
c:\users\basquiat\documents\toolboxes-indiens\symphony-5.6\coinutils\msvisualstudio\v10\libcoinutils\x64-v120-debug\coinfinite.obj
c:\users\basquiat\documents\toolboxes-indiens\symphony-5.6\coinutils\msvisualstudio\v10\libcoinutils\x64-v120-debug\coinindexedvector.obj
c:\users\basquiat\documents\toolboxes-indiens\symphony-5.6\coinutils\msvisualstudio\v10\libcoinutils\x64-v120-debug\coinlpio.obj
c:\users\basquiat\documents\toolboxes-indiens\symphony-5.6\coinutils\msvisualstudio\v10\libcoinutils\x64-v120-debug\coinmessage.obj
c:\users\basquiat\documents\toolboxes-indiens\symphony-5.6\coinutils\msvisualstudio\v10\libcoinutils\x64-v120-debug\coinmessagehandler.obj
c:\users\basquiat\documents\toolboxes-indiens\symphony-5.6\coinutils\msvisualstudio\v10\libcoinutils\x64-v120-debug\coinmodel.obj
c:\users\basquiat\documents\toolboxes-indiens\symphony-5.6\symphony\msvisualstudio\v10\x64-v120-debug\libcoinutils.lib
c:\users\basquiat\src\symphony\coinutils\msvisualstudio\v10\libcoinutils\x64-v120-debug\coinalloc.obj
c:\users\basquiat\src\symphony\coinutils\msvisualstudio\v10\libcoinutils\x64-v120-debug\coinbuild.obj
c:\users\basquiat\src\symphony\coinutils\msvisualstudio\v10\libcoinutils\x64-v120-debug\coindensefactorization.obj
c:\users\basquiat\src\symphony\coinutils\msvisualstudio\v10\libcoinutils\x64-v120-debug\coindensevector.obj
c:\users\basquiat\src\symphony\coinutils\msvisualstudio\v10\libcoinutils\x64-v120-debug\coinerror.obj
c:\users\basquiat\src\symphony\coinutils\msvisualstudio\v10\libcoinutils\x64-v120-debug\coinfactorization1.obj
c:\users\basquiat\src\symphony\coinutils\msvisualstudio\v10\libcoinutils\x64-v120-debug\coinfactorization2.obj
c:\users\basquiat\src\symphony\coinutils\msvisualstudio\v10\libcoinutils\x64-v120-debug\coinfactorization3.obj
c:\users\basquiat\src\symphony\coinutils\msvisualstudio\v10\libcoinutils\x64-v120-debug\coinfactorization4.obj
c:\users\basquiat\src\symphony\coinutils\msvisualstudio\v10\libcoinutils\x64-v120-debug\coinfileio.obj
c:\users\basquiat\src\symphony\coinutils\msvisualstudio\v10\libcoinutils\x64-v120-debug\coinfinite.obj
c:\users\basquiat\src\symphony\coinutils\msvisualstudio\v10\libcoinutils\x64-v120-debug\coinindexedvector.obj
c:\users\basquiat\src\symphony\coinutils\msvisualstudio\v10\libcoinutils\x64-v120-debug\coinlpio.obj
c:\users\basquiat\src\symphony\coinutils\msvisualstudio\v10\libcoinutils\x64-v120-debug\coinmessage.obj
c:\users\basquiat\src\symphony\coinutils\msvisualstudio\v10\libcoinutils\x64-v120-debug\coinmessagehandler.obj
c:\users\basquiat\src\symphony\coinutils\msvisualstudio\v10\libcoinutils\x64-v120-debug\coinmodel.obj
c:\users\basquiat\src\symphony\coinutils\msvisualstudio\v10\libcoinutils\x64-v120-debug\coinmodeluseful.obj
c:\users\basquiat\src\symphony\coinutils\msvisualstudio\v10\libcoinutils\x64-v120-debug\coinmodeluseful2.obj
c:\users\basquiat\src\symphony\coinutils\msvisualstudio\v10\libcoinutils\x64-v120-debug\coinmpsio.obj
c:\users\basquiat\src\symphony\coinutils\msvisualstudio\v10\libcoinutils\x64-v120-debug\coinoslfactorization.obj
c:\users\basquiat\src\symphony\coinutils\msvisualstudio\v10\libcoinutils\x64-v120-debug\coinoslfactorization2.obj
c:\users\basquiat\src\symphony\coinutils\msvisualstudio\v10\libcoinutils\x64-v120-debug\coinoslfactorization3.obj
c:\users\basquiat\src\symphony\coinutils\msvisualstudio\v10\libcoinutils\x64-v120-debug\coinpackedmatrix.obj
c:\users\basquiat\src\symphony\coinutils\msvisualstudio\v10\libcoinutils\x64-v120-debug\coinpackedvector.obj
c:\users\basquiat\src\symphony\coinutils\msvisualstudio\v10\libcoinutils\x64-v120-debug\coinpackedvectorbase.obj
c:\users\basquiat\src\symphony\coinutils\msvisualstudio\v10\libcoinutils\x64-v120-debug\coinparam.obj
c:\users\basquiat\src\symphony\coinutils\msvisualstudio\v10\libcoinutils\x64-v120-debug\coinparamutils.obj
c:\users\basquiat\src\symphony\coinutils\msvisualstudio\v10\libcoinutils\x64-v120-debug\coinpostsolvematrix.obj
c:\users\basquiat\src\symphony\coinutils\msvisualstudio\v10\libcoinutils\x64-v120-debug\coinprepostsolvematrix.obj
c:\users\basquiat\src\symphony\coinutils\msvisualstudio\v10\libcoinutils\x64-v120-debug\coinpresolvedoubleton.obj
c:\users\basquiat\src\symphony\coinutils\msvisualstudio\v10\libcoinutils\x64-v120-debug\coinpresolvedual.obj
c:\users\basquiat\src\symphony\coinutils\msvisualstudio\v10\libcoinutils\x64-v120-debug\coinpresolvedupcol.obj
c:\users\basquiat\src\symphony\coinutils\msvisualstudio\v10\libcoinutils\x64-v120-debug\coinpresolveempty.obj
c:\users\basquiat\src\symphony\coinutils\msvisualstudio\v10\libcoinutils\x64-v120-debug\coinpresolvefixed.obj
c:\users\basquiat\src\symphony\coinutils\msvisualstudio\v10\libcoinutils\x64-v120-debug\coinpresolveforcing.obj
c:\users\basquiat\src\symphony\coinutils\msvisualstudio\v10\libcoinutils\x64-v120-debug\coinpresolvehelperfunctions.obj
c:\users\basquiat\src\symphony\coinutils\msvisualstudio\v10\libcoinutils\x64-v120-debug\coinpresolveimpliedfree.obj
c:\users\basquiat\src\symphony\coinutils\msvisualstudio\v10\libcoinutils\x64-v120-debug\coinpresolveisolated.obj
c:\users\basquiat\src\symphony\coinutils\msvisualstudio\v10\libcoinutils\x64-v120-debug\coinpresolvematrix.obj
c:\users\basquiat\src\symphony\coinutils\msvisualstudio\v10\libcoinutils\x64-v120-debug\coinpresolvepsdebug.obj
c:\users\basquiat\src\symphony\coinutils\msvisualstudio\v10\libcoinutils\x64-v120-debug\coinpresolvesingleton.obj
c:\users\basquiat\src\symphony\coinutils\msvisualstudio\v10\libcoinutils\x64-v120-debug\coinpresolvesubst.obj
c:\users\basquiat\src\symphony\coinutils\msvisualstudio\v10\libcoinutils\x64-v120-debug\coinpresolvetighten.obj
c:\users\basquiat\src\symphony\coinutils\msvisualstudio\v10\libcoinutils\x64-v120-debug\coinpresolvetripleton.obj
c:\users\basquiat\src\symphony\coinutils\msvisualstudio\v10\libcoinutils\x64-v120-debug\coinpresolveuseless.obj
c:\users\basquiat\src\symphony\coinutils\msvisualstudio\v10\libcoinutils\x64-v120-debug\coinpresolvezeros.obj
c:\users\basquiat\src\symphony\coinutils\msvisualstudio\v10\libcoinutils\x64-v120-debug\coinrational.obj
c:\users\basquiat\src\symphony\coinutils\msvisualstudio\v10\libcoinutils\x64-v120-debug\coinsearchtree.obj
c:\users\basquiat\src\symphony\coinutils\msvisualstudio\v10\libcoinutils\x64-v120-debug\coinshallowpackedvector.obj
c:\users\basquiat\src\symphony\coinutils\msvisualstudio\v10\libcoinutils\x64-v120-debug\coinsimpfactorization.obj
c:\users\basquiat\src\symphony\coinutils\msvisualstudio\v10\libcoinutils\x64-v120-debug\coinsnapshot.obj
c:\users\basquiat\src\symphony\coinutils\msvisualstudio\v10\libcoinutils\x64-v120-debug\coinstructuredmodel.obj
c:\users\basquiat\src\symphony\coinutils\msvisualstudio\v10\libcoinutils\x64-v120-debug\coinwarmstartbasis.obj
c:\users\basquiat\src\symphony\coinutils\msvisualstudio\v10\libcoinutils\x64-v120-debug\coinwarmstartdual.obj
c:\users\basquiat\src\symphony\coinutils\msvisualstudio\v10\libcoinutils\x64-v120-debug\coinwarmstartprimaldual.obj
c:\users\basquiat\src\symphony\coinutils\msvisualstudio\v10\libcoinutils\x64-v120-debug\coinwarmstartvector.obj
c:\users\basquiat\src\symphony\coinutils\msvisualstudio\v10\libcoinutils\x64-v120-debug\vc120.idb
c:\users\basquiat\src\symphony\coinutils\msvisualstudio\v10\libcoinutils\x64-v120-debug\vc120.pdb
c:\users\basquiat\src\symphony\symphony\msvisualstudio\v10\x64-v120-debug\libcoinutils.lib
c:\users\basquiat\src\symphony\coinutils\msvisualstudio\v10\libcoinutils\x64-v120-debug\libcoinutils.tlog\cl.command.1.tlog
c:\users\basquiat\src\symphony\coinutils\msvisualstudio\v10\libcoinutils\x64-v120-debug\libcoinutils.tlog\cl.read.1.tlog
c:\users\basquiat\src\symphony\coinutils\msvisualstudio\v10\libcoinutils\x64-v120-debug\libcoinutils.tlog\cl.write.1.tlog
c:\users\basquiat\src\symphony\coinutils\msvisualstudio\v10\libcoinutils\x64-v120-debug\libcoinutils.tlog\lib-link.read.1.tlog
c:\users\basquiat\src\symphony\coinutils\msvisualstudio\v10\libcoinutils\x64-v120-debug\libcoinutils.tlog\lib-link.write.1.tlog
c:\users\basquiat\src\symphony\coinutils\msvisualstudio\v10\libcoinutils\x64-v120-debug\libcoinutils.tlog\lib.command.1.tlog
