Build started 31/07/2015 15:22:26.
     1>Project "C:\Users\basquiat\Documents\Toolboxes-indiens\SYMPHONY-5.6\Osi\MSVisualStudio\v10\libOsi\libOsi.vcxproj" on node 3 (Build target(s)).
     1>ClCompile:
         C:\Program Files (x86)\Microsoft Visual Studio 11.0\VC\bin\x86_amd64\CL.exe /c /I..\..\..\..\CoinUtils\src /I..\..\..\..\BuildTools\headers /I..\..\..\..\Osi\src\Osi /Zi /nologo /W3 /WX- /Od /D OSI_BUILD /D WIN32 /D _DEBUG /D _LIB /D _CRT_SECURE_NO_WARNINGS /D _CRT_SECURE_NO_DEPRECATE /D _VC80_UPGRADE=0x0710 /Gm /EHsc /RTC1 /MDd /GS /fp:precise /Zc:wchar_t /Zc:forScope /GR /Fo"x64-v110-Debug\\" /Fd"x64-v110-Debug\vc110.pdb" /Gd /TP /errorReport:prompt ..\..\..\src\Osi\OsiAuxInfo.cpp ..\..\..\src\Osi\OsiBranchingObject.cpp ..\..\..\src\Osi\OsiChooseVariable.cpp ..\..\..\src\Osi\OsiColCut.cpp ..\..\..\src\Osi\OsiCut.cpp ..\..\..\src\Osi\OsiCuts.cpp ..\..\..\src\Osi\OsiNames.cpp ..\..\..\src\Osi\OsiPresolve.cpp ..\..\..\src\Osi\OsiRowCut.cpp ..\..\..\src\Osi\OsiRowCutDebugger.cpp ..\..\..\src\Osi\OsiSolverBranch.cpp ..\..\..\src\Osi\OsiSolverInterface.cpp
         OsiSolverInterface.cpp
         OsiSolverBranch.cpp
         OsiRowCutDebugger.cpp
         OsiRowCut.cpp
         OsiPresolve.cpp
         OsiNames.cpp
         OsiCuts.cpp
         OsiCut.cpp
         OsiColCut.cpp
         OsiChooseVariable.cpp
         OsiBranchingObject.cpp
         OsiAuxInfo.cpp
         Generating Code...
       Lib:
         C:\Program Files (x86)\Microsoft Visual Studio 11.0\VC\bin\x86_amd64\Lib.exe /OUT:"C:\Users\basquiat\Documents\Toolboxes-indiens\SYMPHONY-5.6\SYMPHONY\MSVisualStudio\v10\x64-v110-Debug\libOsi.lib" /NOLOGO /MACHINE:X64 "x64-v110-Debug\OsiAuxInfo.obj"
         "x64-v110-Debug\OsiBranchingObject.obj"
         "x64-v110-Debug\OsiChooseVariable.obj"
         "x64-v110-Debug\OsiColCut.obj"
         "x64-v110-Debug\OsiCut.obj"
         "x64-v110-Debug\OsiCuts.obj"
         "x64-v110-Debug\OsiNames.obj"
         "x64-v110-Debug\OsiPresolve.obj"
         "x64-v110-Debug\OsiRowCut.obj"
         "x64-v110-Debug\OsiRowCutDebugger.obj"
         "x64-v110-Debug\OsiSolverBranch.obj"
         "x64-v110-Debug\OsiSolverInterface.obj"
         libOsi.vcxproj -> C:\Users\basquiat\Documents\Toolboxes-indiens\SYMPHONY-5.6\SYMPHONY\MSVisualStudio\v10\x64-v110-Debug\libOsi.lib
     1>Done Building Project "C:\Users\basquiat\Documents\Toolboxes-indiens\SYMPHONY-5.6\Osi\MSVisualStudio\v10\libOsi\libOsi.vcxproj" (Build target(s)).

Build succeeded.

Time Elapsed 00:00:10.04
