C:\USERS\BASQUIAT\DOCUMENTS\TOOLBOXES-INDIENS\SYMPHONY-5.6\OSI\MSVISUALSTUDIO\V10\LIBOSI\X64-V110-DEBUG\OSIAUXINFO.OBJ
C:\USERS\BASQUIAT\DOCUMENTS\TOOLBOXES-INDIENS\SYMPHONY-5.6\OSI\MSVISUALSTUDIO\V10\LIBOSI\X64-V110-DEBUG\OSIBRANCHINGOBJECT.OBJ
C:\USERS\BASQUIAT\DOCUMENTS\TOOLBOXES-INDIENS\SYMPHONY-5.6\OSI\MSVISUALSTUDIO\V10\LIBOSI\X64-V110-DEBUG\OSICHOOSEVARIABLE.OBJ
C:\USERS\BASQUIAT\DOCUMENTS\TOOLBOXES-INDIENS\SYMPHONY-5.6\OSI\MSVISUALSTUDIO\V10\LIBOSI\X64-V110-DEBUG\OSICOLCUT.OBJ
C:\USERS\BASQUIAT\DOCUMENTS\TOOLBOXES-INDIENS\SYMPHONY-5.6\OSI\MSVISUALSTUDIO\V10\LIBOSI\X64-V110-DEBUG\OSICUT.OBJ
C:\USERS\BASQUIAT\DOCUMENTS\TOOLBOXES-INDIENS\SYMPHONY-5.6\OSI\MSVISUALSTUDIO\V10\LIBOSI\X64-V110-DEBUG\OSICUTS.OBJ
C:\USERS\BASQUIAT\DOCUMENTS\TOOLBOXES-INDIENS\SYMPHONY-5.6\OSI\MSVISUALSTUDIO\V10\LIBOSI\X64-V110-DEBUG\OSINAMES.OBJ
C:\USERS\BASQUIAT\DOCUMENTS\TOOLBOXES-INDIENS\SYMPHONY-5.6\OSI\MSVISUALSTUDIO\V10\LIBOSI\X64-V110-DEBUG\OSIPRESOLVE.OBJ
C:\USERS\BASQUIAT\DOCUMENTS\TOOLBOXES-INDIENS\SYMPHONY-5.6\OSI\MSVISUALSTUDIO\V10\LIBOSI\X64-V110-DEBUG\OSIROWCUT.OBJ
C:\USERS\BASQUIAT\DOCUMENTS\TOOLBOXES-INDIENS\SYMPHONY-5.6\OSI\MSVISUALSTUDIO\V10\LIBOSI\X64-V110-DEBUG\OSIROWCUTDEBUGGER.OBJ
C:\USERS\BASQUIAT\DOCUMENTS\TOOLBOXES-INDIENS\SYMPHONY-5.6\OSI\MSVISUALSTUDIO\V10\LIBOSI\X64-V110-DEBUG\OSISOLVERBRANCH.OBJ
C:\USERS\BASQUIAT\DOCUMENTS\TOOLBOXES-INDIENS\SYMPHONY-5.6\OSI\MSVISUALSTUDIO\V10\LIBOSI\X64-V110-DEBUG\OSISOLVERINTERFACE.OBJ
C:\USERS\BASQUIAT\DOCUMENTS\TOOLBOXES-INDIENS\SYMPHONY-5.6\OSI\MSVISUALSTUDIO\V10\LIBOSI\X64-V110-DEBUG\VC110.PDB
C:\USERS\BASQUIAT\DOCUMENTS\TOOLBOXES-INDIENS\SYMPHONY-5.6\SYMPHONY\MSVISUALSTUDIO\V10\X64-V110-DEBUG\LIBOSI.LIB
C:\Users\basquiat\Documents\Toolboxes-indiens\SYMPHONY-5.6\Osi\MSVisualStudio\v10\libOsi\x64-v110-Debug\OsiAuxInfo.obj
C:\Users\basquiat\Documents\Toolboxes-indiens\SYMPHONY-5.6\Osi\MSVisualStudio\v10\libOsi\x64-v110-Debug\OsiBranchingObject.obj
C:\Users\basquiat\Documents\Toolboxes-indiens\SYMPHONY-5.6\Osi\MSVisualStudio\v10\libOsi\x64-v110-Debug\OsiChooseVariable.obj
C:\Users\basquiat\Documents\Toolboxes-indiens\SYMPHONY-5.6\Osi\MSVisualStudio\v10\libOsi\x64-v110-Debug\OsiColCut.obj
C:\Users\basquiat\Documents\Toolboxes-indiens\SYMPHONY-5.6\Osi\MSVisualStudio\v10\libOsi\x64-v110-Debug\OsiCut.obj
C:\Users\basquiat\Documents\Toolboxes-indiens\SYMPHONY-5.6\Osi\MSVisualStudio\v10\libOsi\x64-v110-Debug\OsiCuts.obj
C:\Users\basquiat\Documents\Toolboxes-indiens\SYMPHONY-5.6\Osi\MSVisualStudio\v10\libOsi\x64-v110-Debug\OsiNames.obj
C:\Users\basquiat\Documents\Toolboxes-indiens\SYMPHONY-5.6\Osi\MSVisualStudio\v10\libOsi\x64-v110-Debug\OsiPresolve.obj
C:\Users\basquiat\Documents\Toolboxes-indiens\SYMPHONY-5.6\Osi\MSVisualStudio\v10\libOsi\x64-v110-Debug\OsiRowCut.obj
C:\Users\basquiat\Documents\Toolboxes-indiens\SYMPHONY-5.6\Osi\MSVisualStudio\v10\libOsi\x64-v110-Debug\OsiRowCutDebugger.obj
C:\Users\basquiat\Documents\Toolboxes-indiens\SYMPHONY-5.6\Osi\MSVisualStudio\v10\libOsi\x64-v110-Debug\OsiSolverBranch.obj
C:\Users\basquiat\Documents\Toolboxes-indiens\SYMPHONY-5.6\Osi\MSVisualStudio\v10\libOsi\x64-v110-Debug\OsiSolverInterface.obj
C:\Users\basquiat\Documents\Toolboxes-indiens\SYMPHONY-5.6\Osi\MSVisualStudio\v10\libOsi\x64-v110-Debug\cl.command.1.tlog
C:\Users\basquiat\Documents\Toolboxes-indiens\SYMPHONY-5.6\Osi\MSVisualStudio\v10\libOsi\x64-v110-Debug\CL.read.1.tlog
C:\Users\basquiat\Documents\Toolboxes-indiens\SYMPHONY-5.6\Osi\MSVisualStudio\v10\libOsi\x64-v110-Debug\CL.write.1.tlog
C:\Users\basquiat\Documents\Toolboxes-indiens\SYMPHONY-5.6\Osi\MSVisualStudio\v10\libOsi\x64-v110-Debug\Lib-link.read.1.tlog
C:\Users\basquiat\Documents\Toolboxes-indiens\SYMPHONY-5.6\Osi\MSVisualStudio\v10\libOsi\x64-v110-Debug\Lib-link.write.1.tlog
C:\Users\basquiat\Documents\Toolboxes-indiens\SYMPHONY-5.6\Osi\MSVisualStudio\v10\libOsi\x64-v110-Debug\lib.command.1.tlog
C:\Users\basquiat\Documents\Toolboxes-indiens\SYMPHONY-5.6\Osi\MSVisualStudio\v10\libOsi\x64-v110-Debug\vc110.idb
C:\Users\basquiat\Documents\Toolboxes-indiens\SYMPHONY-5.6\Osi\MSVisualStudio\v10\libOsi\x64-v110-Debug\vc110.pdb
C:\Users\basquiat\Documents\Toolboxes-indiens\SYMPHONY-5.6\SYMPHONY\MSVisualStudio\v10\x64-v110-Debug\libOsi.lib
