C:\USERS\BASQUIAT\DOCUMENTS\TOOLBOXES INDIENS\SYMPHONY-5.6\COINUTILS\MSVISUALSTUDIO\V10\LIBCOINUTILS\WIN32-V110-DEBUG\COINPRESOLVEIMPLIEDFREE.OBJ
C:\USERS\BASQUIAT\DOCUMENTS\TOOLBOXES INDIENS\SYMPHONY-5.6\COINUTILS\MSVISUALSTUDIO\V10\LIBCOINUTILS\WIN32-V110-DEBUG\COINPRESOLVEISOLATED.OBJ
C:\USERS\BASQUIAT\DOCUMENTS\TOOLBOXES INDIENS\SYMPHONY-5.6\COINUTILS\MSVISUALSTUDIO\V10\LIBCOINUTILS\WIN32-V110-DEBUG\COINPRESOLVEMATRIX.OBJ
C:\USERS\BASQUIAT\DOCUMENTS\TOOLBOXES INDIENS\SYMPHONY-5.6\COINUTILS\MSVISUALSTUDIO\V10\LIBCOINUTILS\WIN32-V110-DEBUG\COINPRESOLVEPSDEBUG.OBJ
C:\USERS\BASQUIAT\DOCUMENTS\TOOLBOXES INDIENS\SYMPHONY-5.6\COINUTILS\MSVISUALSTUDIO\V10\LIBCOINUTILS\WIN32-V110-DEBUG\COINPRESOLVESINGLETON.OBJ
C:\USERS\BASQUIAT\DOCUMENTS\TOOLBOXES INDIENS\SYMPHONY-5.6\COINUTILS\MSVISUALSTUDIO\V10\LIBCOINUTILS\WIN32-V110-DEBUG\COINPRESOLVESUBST.OBJ
C:\USERS\BASQUIAT\DOCUMENTS\TOOLBOXES INDIENS\SYMPHONY-5.6\COINUTILS\MSVISUALSTUDIO\V10\LIBCOINUTILS\WIN32-V110-DEBUG\COINPRESOLVETIGHTEN.OBJ
C:\USERS\BASQUIAT\DOCUMENTS\TOOLBOXES INDIENS\SYMPHONY-5.6\COINUTILS\MSVISUALSTUDIO\V10\LIBCOINUTILS\WIN32-V110-DEBUG\COINPRESOLVETRIPLETON.OBJ
C:\USERS\BASQUIAT\DOCUMENTS\TOOLBOXES INDIENS\SYMPHONY-5.6\COINUTILS\MSVISUALSTUDIO\V10\LIBCOINUTILS\WIN32-V110-DEBUG\COINPRESOLVEUSELESS.OBJ
C:\USERS\BASQUIAT\DOCUMENTS\TOOLBOXES INDIENS\SYMPHONY-5.6\COINUTILS\MSVISUALSTUDIO\V10\LIBCOINUTILS\WIN32-V110-DEBUG\COINPRESOLVEZEROS.OBJ
C:\USERS\BASQUIAT\DOCUMENTS\TOOLBOXES INDIENS\SYMPHONY-5.6\COINUTILS\MSVISUALSTUDIO\V10\LIBCOINUTILS\WIN32-V110-DEBUG\COINRATIONAL.OBJ
C:\USERS\BASQUIAT\DOCUMENTS\TOOLBOXES INDIENS\SYMPHONY-5.6\COINUTILS\MSVISUALSTUDIO\V10\LIBCOINUTILS\WIN32-V110-DEBUG\COINSEARCHTREE.OBJ
C:\USERS\BASQUIAT\DOCUMENTS\TOOLBOXES INDIENS\SYMPHONY-5.6\COINUTILS\MSVISUALSTUDIO\V10\LIBCOINUTILS\WIN32-V110-DEBUG\COINSHALLOWPACKEDVECTOR.OBJ
C:\USERS\BASQUIAT\DOCUMENTS\TOOLBOXES INDIENS\SYMPHONY-5.6\COINUTILS\MSVISUALSTUDIO\V10\LIBCOINUTILS\WIN32-V110-DEBUG\COINSIMPFACTORIZATION.OBJ
C:\USERS\BASQUIAT\DOCUMENTS\TOOLBOXES INDIENS\SYMPHONY-5.6\COINUTILS\MSVISUALSTUDIO\V10\LIBCOINUTILS\WIN32-V110-DEBUG\COINSNAPSHOT.OBJ
C:\USERS\BASQUIAT\DOCUMENTS\TOOLBOXES INDIENS\SYMPHONY-5.6\COINUTILS\MSVISUALSTUDIO\V10\LIBCOINUTILS\WIN32-V110-DEBUG\COINSTRUCTUREDMODEL.OBJ
C:\USERS\BASQUIAT\DOCUMENTS\TOOLBOXES INDIENS\SYMPHONY-5.6\COINUTILS\MSVISUALSTUDIO\V10\LIBCOINUTILS\WIN32-V110-DEBUG\COINWARMSTARTBASIS.OBJ
C:\USERS\BASQUIAT\DOCUMENTS\TOOLBOXES INDIENS\SYMPHONY-5.6\COINUTILS\MSVISUALSTUDIO\V10\LIBCOINUTILS\WIN32-V110-DEBUG\COINWARMSTARTDUAL.OBJ
C:\USERS\BASQUIAT\DOCUMENTS\TOOLBOXES INDIENS\SYMPHONY-5.6\COINUTILS\MSVISUALSTUDIO\V10\LIBCOINUTILS\WIN32-V110-DEBUG\COINWARMSTARTPRIMALDUAL.OBJ
C:\USERS\BASQUIAT\DOCUMENTS\TOOLBOXES INDIENS\SYMPHONY-5.6\COINUTILS\MSVISUALSTUDIO\V10\LIBCOINUTILS\WIN32-V110-DEBUG\COINWARMSTARTVECTOR.OBJ
C:\USERS\BASQUIAT\DOCUMENTS\TOOLBOXES INDIENS\SYMPHONY-5.6\COINUTILS\MSVISUALSTUDIO\V10\LIBCOINUTILS\WIN32-V110-DEBUG\COINMODELUSEFUL.OBJ
C:\USERS\BASQUIAT\DOCUMENTS\TOOLBOXES INDIENS\SYMPHONY-5.6\COINUTILS\MSVISUALSTUDIO\V10\LIBCOINUTILS\WIN32-V110-DEBUG\COINMODELUSEFUL2.OBJ
C:\USERS\BASQUIAT\DOCUMENTS\TOOLBOXES INDIENS\SYMPHONY-5.6\COINUTILS\MSVISUALSTUDIO\V10\LIBCOINUTILS\WIN32-V110-DEBUG\COINMPSIO.OBJ
C:\USERS\BASQUIAT\DOCUMENTS\TOOLBOXES INDIENS\SYMPHONY-5.6\COINUTILS\MSVISUALSTUDIO\V10\LIBCOINUTILS\WIN32-V110-DEBUG\COINOSLFACTORIZATION.OBJ
C:\USERS\BASQUIAT\DOCUMENTS\TOOLBOXES INDIENS\SYMPHONY-5.6\COINUTILS\MSVISUALSTUDIO\V10\LIBCOINUTILS\WIN32-V110-DEBUG\COINOSLFACTORIZATION2.OBJ
C:\USERS\BASQUIAT\DOCUMENTS\TOOLBOXES INDIENS\SYMPHONY-5.6\COINUTILS\MSVISUALSTUDIO\V10\LIBCOINUTILS\WIN32-V110-DEBUG\COINOSLFACTORIZATION3.OBJ
C:\USERS\BASQUIAT\DOCUMENTS\TOOLBOXES INDIENS\SYMPHONY-5.6\COINUTILS\MSVISUALSTUDIO\V10\LIBCOINUTILS\WIN32-V110-DEBUG\COINPACKEDMATRIX.OBJ
C:\USERS\BASQUIAT\DOCUMENTS\TOOLBOXES INDIENS\SYMPHONY-5.6\COINUTILS\MSVISUALSTUDIO\V10\LIBCOINUTILS\WIN32-V110-DEBUG\COINPACKEDVECTOR.OBJ
C:\USERS\BASQUIAT\DOCUMENTS\TOOLBOXES INDIENS\SYMPHONY-5.6\COINUTILS\MSVISUALSTUDIO\V10\LIBCOINUTILS\WIN32-V110-DEBUG\COINPACKEDVECTORBASE.OBJ
C:\USERS\BASQUIAT\DOCUMENTS\TOOLBOXES INDIENS\SYMPHONY-5.6\COINUTILS\MSVISUALSTUDIO\V10\LIBCOINUTILS\WIN32-V110-DEBUG\COINPARAM.OBJ
C:\USERS\BASQUIAT\DOCUMENTS\TOOLBOXES INDIENS\SYMPHONY-5.6\COINUTILS\MSVISUALSTUDIO\V10\LIBCOINUTILS\WIN32-V110-DEBUG\COINPARAMUTILS.OBJ
C:\USERS\BASQUIAT\DOCUMENTS\TOOLBOXES INDIENS\SYMPHONY-5.6\COINUTILS\MSVISUALSTUDIO\V10\LIBCOINUTILS\WIN32-V110-DEBUG\COINPOSTSOLVEMATRIX.OBJ
C:\USERS\BASQUIAT\DOCUMENTS\TOOLBOXES INDIENS\SYMPHONY-5.6\COINUTILS\MSVISUALSTUDIO\V10\LIBCOINUTILS\WIN32-V110-DEBUG\COINPREPOSTSOLVEMATRIX.OBJ
C:\USERS\BASQUIAT\DOCUMENTS\TOOLBOXES INDIENS\SYMPHONY-5.6\COINUTILS\MSVISUALSTUDIO\V10\LIBCOINUTILS\WIN32-V110-DEBUG\COINPRESOLVEDOUBLETON.OBJ
C:\USERS\BASQUIAT\DOCUMENTS\TOOLBOXES INDIENS\SYMPHONY-5.6\COINUTILS\MSVISUALSTUDIO\V10\LIBCOINUTILS\WIN32-V110-DEBUG\COINPRESOLVEDUAL.OBJ
C:\USERS\BASQUIAT\DOCUMENTS\TOOLBOXES INDIENS\SYMPHONY-5.6\COINUTILS\MSVISUALSTUDIO\V10\LIBCOINUTILS\WIN32-V110-DEBUG\COINPRESOLVEDUPCOL.OBJ
C:\USERS\BASQUIAT\DOCUMENTS\TOOLBOXES INDIENS\SYMPHONY-5.6\COINUTILS\MSVISUALSTUDIO\V10\LIBCOINUTILS\WIN32-V110-DEBUG\COINPRESOLVEEMPTY.OBJ
C:\USERS\BASQUIAT\DOCUMENTS\TOOLBOXES INDIENS\SYMPHONY-5.6\COINUTILS\MSVISUALSTUDIO\V10\LIBCOINUTILS\WIN32-V110-DEBUG\COINPRESOLVEFIXED.OBJ
C:\USERS\BASQUIAT\DOCUMENTS\TOOLBOXES INDIENS\SYMPHONY-5.6\COINUTILS\MSVISUALSTUDIO\V10\LIBCOINUTILS\WIN32-V110-DEBUG\COINPRESOLVEFORCING.OBJ
C:\USERS\BASQUIAT\DOCUMENTS\TOOLBOXES INDIENS\SYMPHONY-5.6\COINUTILS\MSVISUALSTUDIO\V10\LIBCOINUTILS\WIN32-V110-DEBUG\COINPRESOLVEHELPERFUNCTIONS.OBJ
C:\USERS\BASQUIAT\DOCUMENTS\TOOLBOXES INDIENS\SYMPHONY-5.6\COINUTILS\MSVISUALSTUDIO\V10\LIBCOINUTILS\WIN32-V110-DEBUG\COINALLOC.OBJ
C:\USERS\BASQUIAT\DOCUMENTS\TOOLBOXES INDIENS\SYMPHONY-5.6\COINUTILS\MSVISUALSTUDIO\V10\LIBCOINUTILS\WIN32-V110-DEBUG\COINBUILD.OBJ
C:\USERS\BASQUIAT\DOCUMENTS\TOOLBOXES INDIENS\SYMPHONY-5.6\COINUTILS\MSVISUALSTUDIO\V10\LIBCOINUTILS\WIN32-V110-DEBUG\COINDENSEFACTORIZATION.OBJ
C:\USERS\BASQUIAT\DOCUMENTS\TOOLBOXES INDIENS\SYMPHONY-5.6\COINUTILS\MSVISUALSTUDIO\V10\LIBCOINUTILS\WIN32-V110-DEBUG\COINDENSEVECTOR.OBJ
C:\USERS\BASQUIAT\DOCUMENTS\TOOLBOXES INDIENS\SYMPHONY-5.6\COINUTILS\MSVISUALSTUDIO\V10\LIBCOINUTILS\WIN32-V110-DEBUG\COINERROR.OBJ
C:\USERS\BASQUIAT\DOCUMENTS\TOOLBOXES INDIENS\SYMPHONY-5.6\COINUTILS\MSVISUALSTUDIO\V10\LIBCOINUTILS\WIN32-V110-DEBUG\COINFACTORIZATION1.OBJ
C:\USERS\BASQUIAT\DOCUMENTS\TOOLBOXES INDIENS\SYMPHONY-5.6\COINUTILS\MSVISUALSTUDIO\V10\LIBCOINUTILS\WIN32-V110-DEBUG\COINFACTORIZATION2.OBJ
C:\USERS\BASQUIAT\DOCUMENTS\TOOLBOXES INDIENS\SYMPHONY-5.6\COINUTILS\MSVISUALSTUDIO\V10\LIBCOINUTILS\WIN32-V110-DEBUG\COINFACTORIZATION3.OBJ
C:\USERS\BASQUIAT\DOCUMENTS\TOOLBOXES INDIENS\SYMPHONY-5.6\COINUTILS\MSVISUALSTUDIO\V10\LIBCOINUTILS\WIN32-V110-DEBUG\COINFACTORIZATION4.OBJ
C:\USERS\BASQUIAT\DOCUMENTS\TOOLBOXES INDIENS\SYMPHONY-5.6\COINUTILS\MSVISUALSTUDIO\V10\LIBCOINUTILS\WIN32-V110-DEBUG\COINFILEIO.OBJ
C:\USERS\BASQUIAT\DOCUMENTS\TOOLBOXES INDIENS\SYMPHONY-5.6\COINUTILS\MSVISUALSTUDIO\V10\LIBCOINUTILS\WIN32-V110-DEBUG\COINFINITE.OBJ
C:\USERS\BASQUIAT\DOCUMENTS\TOOLBOXES INDIENS\SYMPHONY-5.6\COINUTILS\MSVISUALSTUDIO\V10\LIBCOINUTILS\WIN32-V110-DEBUG\COININDEXEDVECTOR.OBJ
C:\USERS\BASQUIAT\DOCUMENTS\TOOLBOXES INDIENS\SYMPHONY-5.6\COINUTILS\MSVISUALSTUDIO\V10\LIBCOINUTILS\WIN32-V110-DEBUG\COINLPIO.OBJ
C:\USERS\BASQUIAT\DOCUMENTS\TOOLBOXES INDIENS\SYMPHONY-5.6\COINUTILS\MSVISUALSTUDIO\V10\LIBCOINUTILS\WIN32-V110-DEBUG\COINMESSAGE.OBJ
C:\USERS\BASQUIAT\DOCUMENTS\TOOLBOXES INDIENS\SYMPHONY-5.6\COINUTILS\MSVISUALSTUDIO\V10\LIBCOINUTILS\WIN32-V110-DEBUG\COINMESSAGEHANDLER.OBJ
C:\USERS\BASQUIAT\DOCUMENTS\TOOLBOXES INDIENS\SYMPHONY-5.6\COINUTILS\MSVISUALSTUDIO\V10\LIBCOINUTILS\WIN32-V110-DEBUG\COINMODEL.OBJ
C:\USERS\BASQUIAT\DOCUMENTS\TOOLBOXES INDIENS\SYMPHONY-5.6\COINUTILS\MSVISUALSTUDIO\V10\LIBCOINUTILS\WIN32-V110-DEBUG\VC110.PDB
C:\USERS\BASQUIAT\DOCUMENTS\TOOLBOXES INDIENS\SYMPHONY-5.6\SYMPHONY\MSVISUALSTUDIO\V10\WIN32-V110-DEBUG\LIBCOINUTILS.LIB
C:\Users\basquiat\Documents\Toolboxes indiens\SYMPHONY-5.6\CoinUtils\MSVisualStudio\v10\libCoinUtils\Win32-v110-Debug\CoinAlloc.obj
C:\Users\basquiat\Documents\Toolboxes indiens\SYMPHONY-5.6\CoinUtils\MSVisualStudio\v10\libCoinUtils\Win32-v110-Debug\CoinBuild.obj
C:\Users\basquiat\Documents\Toolboxes indiens\SYMPHONY-5.6\CoinUtils\MSVisualStudio\v10\libCoinUtils\Win32-v110-Debug\CoinDenseFactorization.obj
C:\Users\basquiat\Documents\Toolboxes indiens\SYMPHONY-5.6\CoinUtils\MSVisualStudio\v10\libCoinUtils\Win32-v110-Debug\CoinDenseVector.obj
C:\Users\basquiat\Documents\Toolboxes indiens\SYMPHONY-5.6\CoinUtils\MSVisualStudio\v10\libCoinUtils\Win32-v110-Debug\CoinError.obj
C:\Users\basquiat\Documents\Toolboxes indiens\SYMPHONY-5.6\CoinUtils\MSVisualStudio\v10\libCoinUtils\Win32-v110-Debug\CoinFactorization1.obj
C:\Users\basquiat\Documents\Toolboxes indiens\SYMPHONY-5.6\CoinUtils\MSVisualStudio\v10\libCoinUtils\Win32-v110-Debug\CoinFactorization2.obj
C:\Users\basquiat\Documents\Toolboxes indiens\SYMPHONY-5.6\CoinUtils\MSVisualStudio\v10\libCoinUtils\Win32-v110-Debug\CoinFactorization3.obj
C:\Users\basquiat\Documents\Toolboxes indiens\SYMPHONY-5.6\CoinUtils\MSVisualStudio\v10\libCoinUtils\Win32-v110-Debug\CoinFactorization4.obj
C:\Users\basquiat\Documents\Toolboxes indiens\SYMPHONY-5.6\CoinUtils\MSVisualStudio\v10\libCoinUtils\Win32-v110-Debug\CoinFileIO.obj
C:\Users\basquiat\Documents\Toolboxes indiens\SYMPHONY-5.6\CoinUtils\MSVisualStudio\v10\libCoinUtils\Win32-v110-Debug\CoinFinite.obj
C:\Users\basquiat\Documents\Toolboxes indiens\SYMPHONY-5.6\CoinUtils\MSVisualStudio\v10\libCoinUtils\Win32-v110-Debug\CoinIndexedVector.obj
C:\Users\basquiat\Documents\Toolboxes indiens\SYMPHONY-5.6\CoinUtils\MSVisualStudio\v10\libCoinUtils\Win32-v110-Debug\CoinLpIO.obj
C:\Users\basquiat\Documents\Toolboxes indiens\SYMPHONY-5.6\CoinUtils\MSVisualStudio\v10\libCoinUtils\Win32-v110-Debug\CoinMessage.obj
C:\Users\basquiat\Documents\Toolboxes indiens\SYMPHONY-5.6\CoinUtils\MSVisualStudio\v10\libCoinUtils\Win32-v110-Debug\CoinMessageHandler.obj
C:\Users\basquiat\Documents\Toolboxes indiens\SYMPHONY-5.6\CoinUtils\MSVisualStudio\v10\libCoinUtils\Win32-v110-Debug\CoinModel.obj
C:\Users\basquiat\Documents\Toolboxes indiens\SYMPHONY-5.6\CoinUtils\MSVisualStudio\v10\libCoinUtils\Win32-v110-Debug\CoinModelUseful.obj
C:\Users\basquiat\Documents\Toolboxes indiens\SYMPHONY-5.6\CoinUtils\MSVisualStudio\v10\libCoinUtils\Win32-v110-Debug\CoinModelUseful2.obj
C:\Users\basquiat\Documents\Toolboxes indiens\SYMPHONY-5.6\CoinUtils\MSVisualStudio\v10\libCoinUtils\Win32-v110-Debug\CoinMpsIO.obj
C:\Users\basquiat\Documents\Toolboxes indiens\SYMPHONY-5.6\CoinUtils\MSVisualStudio\v10\libCoinUtils\Win32-v110-Debug\CoinOslFactorization.obj
C:\Users\basquiat\Documents\Toolboxes indiens\SYMPHONY-5.6\CoinUtils\MSVisualStudio\v10\libCoinUtils\Win32-v110-Debug\CoinOslFactorization2.obj
C:\Users\basquiat\Documents\Toolboxes indiens\SYMPHONY-5.6\CoinUtils\MSVisualStudio\v10\libCoinUtils\Win32-v110-Debug\CoinOslFactorization3.obj
C:\Users\basquiat\Documents\Toolboxes indiens\SYMPHONY-5.6\CoinUtils\MSVisualStudio\v10\libCoinUtils\Win32-v110-Debug\CoinPackedMatrix.obj
C:\Users\basquiat\Documents\Toolboxes indiens\SYMPHONY-5.6\CoinUtils\MSVisualStudio\v10\libCoinUtils\Win32-v110-Debug\CoinPackedVector.obj
C:\Users\basquiat\Documents\Toolboxes indiens\SYMPHONY-5.6\CoinUtils\MSVisualStudio\v10\libCoinUtils\Win32-v110-Debug\CoinPackedVectorBase.obj
C:\Users\basquiat\Documents\Toolboxes indiens\SYMPHONY-5.6\CoinUtils\MSVisualStudio\v10\libCoinUtils\Win32-v110-Debug\CoinParam.obj
C:\Users\basquiat\Documents\Toolboxes indiens\SYMPHONY-5.6\CoinUtils\MSVisualStudio\v10\libCoinUtils\Win32-v110-Debug\CoinParamUtils.obj
C:\Users\basquiat\Documents\Toolboxes indiens\SYMPHONY-5.6\CoinUtils\MSVisualStudio\v10\libCoinUtils\Win32-v110-Debug\CoinPostsolveMatrix.obj
C:\Users\basquiat\Documents\Toolboxes indiens\SYMPHONY-5.6\CoinUtils\MSVisualStudio\v10\libCoinUtils\Win32-v110-Debug\CoinPrePostsolveMatrix.obj
C:\Users\basquiat\Documents\Toolboxes indiens\SYMPHONY-5.6\CoinUtils\MSVisualStudio\v10\libCoinUtils\Win32-v110-Debug\CoinPresolveDoubleton.obj
C:\Users\basquiat\Documents\Toolboxes indiens\SYMPHONY-5.6\CoinUtils\MSVisualStudio\v10\libCoinUtils\Win32-v110-Debug\CoinPresolveDual.obj
C:\Users\basquiat\Documents\Toolboxes indiens\SYMPHONY-5.6\CoinUtils\MSVisualStudio\v10\libCoinUtils\Win32-v110-Debug\CoinPresolveDupcol.obj
C:\Users\basquiat\Documents\Toolboxes indiens\SYMPHONY-5.6\CoinUtils\MSVisualStudio\v10\libCoinUtils\Win32-v110-Debug\CoinPresolveEmpty.obj
C:\Users\basquiat\Documents\Toolboxes indiens\SYMPHONY-5.6\CoinUtils\MSVisualStudio\v10\libCoinUtils\Win32-v110-Debug\CoinPresolveFixed.obj
C:\Users\basquiat\Documents\Toolboxes indiens\SYMPHONY-5.6\CoinUtils\MSVisualStudio\v10\libCoinUtils\Win32-v110-Debug\CoinPresolveForcing.obj
C:\Users\basquiat\Documents\Toolboxes indiens\SYMPHONY-5.6\CoinUtils\MSVisualStudio\v10\libCoinUtils\Win32-v110-Debug\CoinPresolveHelperFunctions.obj
C:\Users\basquiat\Documents\Toolboxes indiens\SYMPHONY-5.6\CoinUtils\MSVisualStudio\v10\libCoinUtils\Win32-v110-Debug\CoinPresolveImpliedFree.obj
C:\Users\basquiat\Documents\Toolboxes indiens\SYMPHONY-5.6\CoinUtils\MSVisualStudio\v10\libCoinUtils\Win32-v110-Debug\CoinPresolveIsolated.obj
C:\Users\basquiat\Documents\Toolboxes indiens\SYMPHONY-5.6\CoinUtils\MSVisualStudio\v10\libCoinUtils\Win32-v110-Debug\CoinPresolveMatrix.obj
C:\Users\basquiat\Documents\Toolboxes indiens\SYMPHONY-5.6\CoinUtils\MSVisualStudio\v10\libCoinUtils\Win32-v110-Debug\CoinPresolvePsdebug.obj
C:\Users\basquiat\Documents\Toolboxes indiens\SYMPHONY-5.6\CoinUtils\MSVisualStudio\v10\libCoinUtils\Win32-v110-Debug\CoinPresolveSingleton.obj
C:\Users\basquiat\Documents\Toolboxes indiens\SYMPHONY-5.6\CoinUtils\MSVisualStudio\v10\libCoinUtils\Win32-v110-Debug\CoinPresolveSubst.obj
C:\Users\basquiat\Documents\Toolboxes indiens\SYMPHONY-5.6\CoinUtils\MSVisualStudio\v10\libCoinUtils\Win32-v110-Debug\CoinPresolveTighten.obj
C:\Users\basquiat\Documents\Toolboxes indiens\SYMPHONY-5.6\CoinUtils\MSVisualStudio\v10\libCoinUtils\Win32-v110-Debug\CoinPresolveTripleton.obj
C:\Users\basquiat\Documents\Toolboxes indiens\SYMPHONY-5.6\CoinUtils\MSVisualStudio\v10\libCoinUtils\Win32-v110-Debug\CoinPresolveUseless.obj
C:\Users\basquiat\Documents\Toolboxes indiens\SYMPHONY-5.6\CoinUtils\MSVisualStudio\v10\libCoinUtils\Win32-v110-Debug\CoinPresolveZeros.obj
C:\Users\basquiat\Documents\Toolboxes indiens\SYMPHONY-5.6\CoinUtils\MSVisualStudio\v10\libCoinUtils\Win32-v110-Debug\CoinRational.obj
C:\Users\basquiat\Documents\Toolboxes indiens\SYMPHONY-5.6\CoinUtils\MSVisualStudio\v10\libCoinUtils\Win32-v110-Debug\CoinSearchTree.obj
C:\Users\basquiat\Documents\Toolboxes indiens\SYMPHONY-5.6\CoinUtils\MSVisualStudio\v10\libCoinUtils\Win32-v110-Debug\CoinShallowPackedVector.obj
C:\Users\basquiat\Documents\Toolboxes indiens\SYMPHONY-5.6\CoinUtils\MSVisualStudio\v10\libCoinUtils\Win32-v110-Debug\CoinSimpFactorization.obj
C:\Users\basquiat\Documents\Toolboxes indiens\SYMPHONY-5.6\CoinUtils\MSVisualStudio\v10\libCoinUtils\Win32-v110-Debug\CoinSnapshot.obj
C:\Users\basquiat\Documents\Toolboxes indiens\SYMPHONY-5.6\CoinUtils\MSVisualStudio\v10\libCoinUtils\Win32-v110-Debug\CoinStructuredModel.obj
C:\Users\basquiat\Documents\Toolboxes indiens\SYMPHONY-5.6\CoinUtils\MSVisualStudio\v10\libCoinUtils\Win32-v110-Debug\CoinWarmStartBasis.obj
C:\Users\basquiat\Documents\Toolboxes indiens\SYMPHONY-5.6\CoinUtils\MSVisualStudio\v10\libCoinUtils\Win32-v110-Debug\CoinWarmStartDual.obj
C:\Users\basquiat\Documents\Toolboxes indiens\SYMPHONY-5.6\CoinUtils\MSVisualStudio\v10\libCoinUtils\Win32-v110-Debug\CoinWarmStartPrimalDual.obj
C:\Users\basquiat\Documents\Toolboxes indiens\SYMPHONY-5.6\CoinUtils\MSVisualStudio\v10\libCoinUtils\Win32-v110-Debug\CoinWarmStartVector.obj
C:\Users\basquiat\Documents\Toolboxes indiens\SYMPHONY-5.6\CoinUtils\MSVisualStudio\v10\libCoinUtils\Win32-v110-Debug\cl.command.1.tlog
C:\Users\basquiat\Documents\Toolboxes indiens\SYMPHONY-5.6\CoinUtils\MSVisualStudio\v10\libCoinUtils\Win32-v110-Debug\CL.read.1.tlog
C:\Users\basquiat\Documents\Toolboxes indiens\SYMPHONY-5.6\CoinUtils\MSVisualStudio\v10\libCoinUtils\Win32-v110-Debug\CL.write.1.tlog
C:\Users\basquiat\Documents\Toolboxes indiens\SYMPHONY-5.6\CoinUtils\MSVisualStudio\v10\libCoinUtils\Win32-v110-Debug\Lib-link.read.1.tlog
C:\Users\basquiat\Documents\Toolboxes indiens\SYMPHONY-5.6\CoinUtils\MSVisualStudio\v10\libCoinUtils\Win32-v110-Debug\Lib-link.write.1.tlog
C:\Users\basquiat\Documents\Toolboxes indiens\SYMPHONY-5.6\CoinUtils\MSVisualStudio\v10\libCoinUtils\Win32-v110-Debug\lib.command.1.tlog
C:\Users\basquiat\Documents\Toolboxes indiens\SYMPHONY-5.6\CoinUtils\MSVisualStudio\v10\libCoinUtils\Win32-v110-Debug\vc110.idb
C:\Users\basquiat\Documents\Toolboxes indiens\SYMPHONY-5.6\CoinUtils\MSVisualStudio\v10\libCoinUtils\Win32-v110-Debug\vc110.pdb
C:\Users\basquiat\Documents\Toolboxes indiens\SYMPHONY-5.6\SYMPHONY\MSVisualStudio\v10\Win32-v110-Debug\libCoinUtils.lib
