c:\users\basquiat\documents\toolboxes-indiens\symphony-5.6\cgl\msvisualstudio\v10\libcgl\x64-v120-debug\vc120.pdb
c:\users\basquiat\documents\toolboxes-indiens\symphony-5.6\cgl\msvisualstudio\v10\libcgl\x64-v120-debug\vc120.idb
c:\users\basquiat\documents\toolboxes-indiens\symphony-5.6\cgl\msvisualstudio\v10\libcgl\x64-v120-debug\cglmixedintegerrounding.obj
c:\users\basquiat\documents\toolboxes-indiens\symphony-5.6\cgl\msvisualstudio\v10\libcgl\x64-v120-debug\cglmixedintegerrounding2.obj
c:\users\basquiat\documents\toolboxes-indiens\symphony-5.6\cgl\msvisualstudio\v10\libcgl\x64-v120-debug\cgloddhole.obj
c:\users\basquiat\documents\toolboxes-indiens\symphony-5.6\cgl\msvisualstudio\v10\libcgl\x64-v120-debug\cglparam.obj
c:\users\basquiat\documents\toolboxes-indiens\symphony-5.6\cgl\msvisualstudio\v10\libcgl\x64-v120-debug\cglpreprocess.obj
c:\users\basquiat\documents\toolboxes-indiens\symphony-5.6\cgl\msvisualstudio\v10\libcgl\x64-v120-debug\cglprobing.obj
c:\users\basquiat\documents\toolboxes-indiens\symphony-5.6\cgl\msvisualstudio\v10\libcgl\x64-v120-debug\cglredsplit2.obj
c:\users\basquiat\documents\toolboxes-indiens\symphony-5.6\cgl\msvisualstudio\v10\libcgl\x64-v120-debug\cglredsplit2param.obj
c:\users\basquiat\documents\toolboxes-indiens\symphony-5.6\cgl\msvisualstudio\v10\libcgl\x64-v120-debug\cglredsplit2test.obj
c:\users\basquiat\documents\toolboxes-indiens\symphony-5.6\cgl\msvisualstudio\v10\libcgl\x64-v120-debug\cglredsplit.obj
c:\users\basquiat\documents\toolboxes-indiens\symphony-5.6\cgl\msvisualstudio\v10\libcgl\x64-v120-debug\cglredsplitparam.obj
c:\users\basquiat\documents\toolboxes-indiens\symphony-5.6\cgl\msvisualstudio\v10\libcgl\x64-v120-debug\cglresidualcapacity.obj
c:\users\basquiat\documents\toolboxes-indiens\symphony-5.6\cgl\msvisualstudio\v10\libcgl\x64-v120-debug\cglresidualcapacitytest.obj
c:\users\basquiat\documents\toolboxes-indiens\symphony-5.6\cgl\msvisualstudio\v10\libcgl\x64-v120-debug\cglsimplerounding.obj
c:\users\basquiat\documents\toolboxes-indiens\symphony-5.6\cgl\msvisualstudio\v10\libcgl\x64-v120-debug\cglstored.obj
c:\users\basquiat\documents\toolboxes-indiens\symphony-5.6\cgl\msvisualstudio\v10\libcgl\x64-v120-debug\cgltreeinfo.obj
c:\users\basquiat\documents\toolboxes-indiens\symphony-5.6\cgl\msvisualstudio\v10\libcgl\x64-v120-debug\cgltwomir.obj
c:\users\basquiat\documents\toolboxes-indiens\symphony-5.6\cgl\msvisualstudio\v10\libcgl\x64-v120-debug\cgl012cut.obj
c:\users\basquiat\documents\toolboxes-indiens\symphony-5.6\cgl\msvisualstudio\v10\libcgl\x64-v120-debug\cglzerohalf.obj
c:\users\basquiat\documents\toolboxes-indiens\symphony-5.6\cgl\msvisualstudio\v10\libcgl\x64-v120-debug\cglzerohalftest.obj
c:\users\basquiat\documents\toolboxes-indiens\symphony-5.6\cgl\msvisualstudio\v10\libcgl\x64-v120-debug\cglalldifferent.obj
c:\users\basquiat\documents\toolboxes-indiens\symphony-5.6\cgl\msvisualstudio\v10\libcgl\x64-v120-debug\cglclique.obj
c:\users\basquiat\documents\toolboxes-indiens\symphony-5.6\cgl\msvisualstudio\v10\libcgl\x64-v120-debug\cglcliquehelper.obj
c:\users\basquiat\documents\toolboxes-indiens\symphony-5.6\cgl\msvisualstudio\v10\libcgl\x64-v120-debug\cglcutgenerator.obj
c:\users\basquiat\documents\toolboxes-indiens\symphony-5.6\cgl\msvisualstudio\v10\libcgl\x64-v120-debug\cglduplicaterow.obj
c:\users\basquiat\documents\toolboxes-indiens\symphony-5.6\cgl\msvisualstudio\v10\libcgl\x64-v120-debug\cglflowcover.obj
c:\users\basquiat\documents\toolboxes-indiens\symphony-5.6\cgl\msvisualstudio\v10\libcgl\x64-v120-debug\cglgmi.obj
c:\users\basquiat\documents\toolboxes-indiens\symphony-5.6\cgl\msvisualstudio\v10\libcgl\x64-v120-debug\cglgmiparam.obj
c:\users\basquiat\documents\toolboxes-indiens\symphony-5.6\cgl\msvisualstudio\v10\libcgl\x64-v120-debug\cglgomory.obj
c:\users\basquiat\documents\toolboxes-indiens\symphony-5.6\cgl\msvisualstudio\v10\libcgl\x64-v120-debug\cglknapsackcover.obj
c:\users\basquiat\documents\toolboxes-indiens\symphony-5.6\cgl\msvisualstudio\v10\libcgl\x64-v120-debug\cgllandp.obj
c:\users\basquiat\documents\toolboxes-indiens\symphony-5.6\cgl\msvisualstudio\v10\libcgl\x64-v120-debug\cgllandpmessages.obj
c:\users\basquiat\documents\toolboxes-indiens\symphony-5.6\cgl\msvisualstudio\v10\libcgl\x64-v120-debug\cgllandpsimplex.obj
c:\users\basquiat\documents\toolboxes-indiens\symphony-5.6\cgl\msvisualstudio\v10\libcgl\x64-v120-debug\cgllandptabrow.obj
c:\users\basquiat\documents\toolboxes-indiens\symphony-5.6\cgl\msvisualstudio\v10\libcgl\x64-v120-debug\cgllandputils.obj
c:\users\basquiat\documents\toolboxes-indiens\symphony-5.6\cgl\msvisualstudio\v10\libcgl\x64-v120-debug\cgllandpvalidator.obj
c:\users\basquiat\documents\toolboxes-indiens\symphony-5.6\cgl\msvisualstudio\v10\libcgl\x64-v120-debug\cglliftandproject.obj
c:\users\basquiat\documents\toolboxes-indiens\symphony-5.6\cgl\msvisualstudio\v10\libcgl\x64-v120-debug\cglmessage.obj
c:\users\basquiat\documents\toolboxes-indiens\symphony-5.6\symphony\msvisualstudio\v10\x64-v120-debug\libcgl.lib
c:\users\basquiat\src\symphony\cgl\msvisualstudio\v10\libcgl\x64-v120-debug\cgl012cut.obj
c:\users\basquiat\src\symphony\cgl\msvisualstudio\v10\libcgl\x64-v120-debug\cglalldifferent.obj
c:\users\basquiat\src\symphony\cgl\msvisualstudio\v10\libcgl\x64-v120-debug\cglclique.obj
c:\users\basquiat\src\symphony\cgl\msvisualstudio\v10\libcgl\x64-v120-debug\cglcliquehelper.obj
c:\users\basquiat\src\symphony\cgl\msvisualstudio\v10\libcgl\x64-v120-debug\cglcutgenerator.obj
c:\users\basquiat\src\symphony\cgl\msvisualstudio\v10\libcgl\x64-v120-debug\cglduplicaterow.obj
c:\users\basquiat\src\symphony\cgl\msvisualstudio\v10\libcgl\x64-v120-debug\cglflowcover.obj
c:\users\basquiat\src\symphony\cgl\msvisualstudio\v10\libcgl\x64-v120-debug\cglgmi.obj
c:\users\basquiat\src\symphony\cgl\msvisualstudio\v10\libcgl\x64-v120-debug\cglgmiparam.obj
c:\users\basquiat\src\symphony\cgl\msvisualstudio\v10\libcgl\x64-v120-debug\cglgomory.obj
c:\users\basquiat\src\symphony\cgl\msvisualstudio\v10\libcgl\x64-v120-debug\cglknapsackcover.obj
c:\users\basquiat\src\symphony\cgl\msvisualstudio\v10\libcgl\x64-v120-debug\cgllandp.obj
c:\users\basquiat\src\symphony\cgl\msvisualstudio\v10\libcgl\x64-v120-debug\cgllandpmessages.obj
c:\users\basquiat\src\symphony\cgl\msvisualstudio\v10\libcgl\x64-v120-debug\cgllandpsimplex.obj
c:\users\basquiat\src\symphony\cgl\msvisualstudio\v10\libcgl\x64-v120-debug\cgllandptabrow.obj
c:\users\basquiat\src\symphony\cgl\msvisualstudio\v10\libcgl\x64-v120-debug\cgllandputils.obj
c:\users\basquiat\src\symphony\cgl\msvisualstudio\v10\libcgl\x64-v120-debug\cgllandpvalidator.obj
c:\users\basquiat\src\symphony\cgl\msvisualstudio\v10\libcgl\x64-v120-debug\cglliftandproject.obj
c:\users\basquiat\src\symphony\cgl\msvisualstudio\v10\libcgl\x64-v120-debug\cglmessage.obj
c:\users\basquiat\src\symphony\cgl\msvisualstudio\v10\libcgl\x64-v120-debug\cglmixedintegerrounding.obj
c:\users\basquiat\src\symphony\cgl\msvisualstudio\v10\libcgl\x64-v120-debug\cglmixedintegerrounding2.obj
c:\users\basquiat\src\symphony\cgl\msvisualstudio\v10\libcgl\x64-v120-debug\cgloddhole.obj
c:\users\basquiat\src\symphony\cgl\msvisualstudio\v10\libcgl\x64-v120-debug\cglparam.obj
c:\users\basquiat\src\symphony\cgl\msvisualstudio\v10\libcgl\x64-v120-debug\cglpreprocess.obj
c:\users\basquiat\src\symphony\cgl\msvisualstudio\v10\libcgl\x64-v120-debug\cglprobing.obj
c:\users\basquiat\src\symphony\cgl\msvisualstudio\v10\libcgl\x64-v120-debug\cglredsplit.obj
c:\users\basquiat\src\symphony\cgl\msvisualstudio\v10\libcgl\x64-v120-debug\cglredsplit2.obj
c:\users\basquiat\src\symphony\cgl\msvisualstudio\v10\libcgl\x64-v120-debug\cglredsplit2param.obj
c:\users\basquiat\src\symphony\cgl\msvisualstudio\v10\libcgl\x64-v120-debug\cglredsplit2test.obj
c:\users\basquiat\src\symphony\cgl\msvisualstudio\v10\libcgl\x64-v120-debug\cglredsplitparam.obj
c:\users\basquiat\src\symphony\cgl\msvisualstudio\v10\libcgl\x64-v120-debug\cglresidualcapacity.obj
c:\users\basquiat\src\symphony\cgl\msvisualstudio\v10\libcgl\x64-v120-debug\cglresidualcapacitytest.obj
c:\users\basquiat\src\symphony\cgl\msvisualstudio\v10\libcgl\x64-v120-debug\cglsimplerounding.obj
c:\users\basquiat\src\symphony\cgl\msvisualstudio\v10\libcgl\x64-v120-debug\cglstored.obj
c:\users\basquiat\src\symphony\cgl\msvisualstudio\v10\libcgl\x64-v120-debug\cgltreeinfo.obj
c:\users\basquiat\src\symphony\cgl\msvisualstudio\v10\libcgl\x64-v120-debug\cgltwomir.obj
c:\users\basquiat\src\symphony\cgl\msvisualstudio\v10\libcgl\x64-v120-debug\cglzerohalf.obj
c:\users\basquiat\src\symphony\cgl\msvisualstudio\v10\libcgl\x64-v120-debug\cglzerohalftest.obj
c:\users\basquiat\src\symphony\cgl\msvisualstudio\v10\libcgl\x64-v120-debug\vc120.idb
c:\users\basquiat\src\symphony\cgl\msvisualstudio\v10\libcgl\x64-v120-debug\vc120.pdb
c:\users\basquiat\src\symphony\symphony\msvisualstudio\v10\x64-v120-debug\libcgl.lib
c:\users\basquiat\src\symphony\cgl\msvisualstudio\v10\libcgl\x64-v120-debug\libcgl.tlog\cl.command.1.tlog
c:\users\basquiat\src\symphony\cgl\msvisualstudio\v10\libcgl\x64-v120-debug\libcgl.tlog\cl.read.1.tlog
c:\users\basquiat\src\symphony\cgl\msvisualstudio\v10\libcgl\x64-v120-debug\libcgl.tlog\cl.write.1.tlog
c:\users\basquiat\src\symphony\cgl\msvisualstudio\v10\libcgl\x64-v120-debug\libcgl.tlog\lib-link.read.1.tlog
c:\users\basquiat\src\symphony\cgl\msvisualstudio\v10\libcgl\x64-v120-debug\libcgl.tlog\lib-link.write.1.tlog
c:\users\basquiat\src\symphony\cgl\msvisualstudio\v10\libcgl\x64-v120-debug\libcgl.tlog\lib.command.1.tlog
