C:\USERS\BASQUIAT\DOCUMENTS\TOOLBOXES INDIENS\SYMPHONY-5.6\CLP\MSVISUALSTUDIO\V10\LIBCLP\WIN32-V110-DEBUG\CLPNONLINEARCOST.OBJ
C:\USERS\BASQUIAT\DOCUMENTS\TOOLBOXES INDIENS\SYMPHONY-5.6\CLP\MSVISUALSTUDIO\V10\LIBCLP\WIN32-V110-DEBUG\CLPOBJECTIVE.OBJ
C:\USERS\BASQUIAT\DOCUMENTS\TOOLBOXES INDIENS\SYMPHONY-5.6\CLP\MSVISUALSTUDIO\V10\LIBCLP\WIN32-V110-DEBUG\CLPPACKEDMATRIX.OBJ
C:\USERS\BASQUIAT\DOCUMENTS\TOOLBOXES INDIENS\SYMPHONY-5.6\CLP\MSVISUALSTUDIO\V10\LIBCLP\WIN32-V110-DEBUG\CLPPDCO.OBJ
C:\USERS\BASQUIAT\DOCUMENTS\TOOLBOXES INDIENS\SYMPHONY-5.6\CLP\MSVISUALSTUDIO\V10\LIBCLP\WIN32-V110-DEBUG\CLPPDCOBASE.OBJ
C:\USERS\BASQUIAT\DOCUMENTS\TOOLBOXES INDIENS\SYMPHONY-5.6\CLP\MSVISUALSTUDIO\V10\LIBCLP\WIN32-V110-DEBUG\CLPPLUSMINUSONEMATRIX.OBJ
C:\USERS\BASQUIAT\DOCUMENTS\TOOLBOXES INDIENS\SYMPHONY-5.6\CLP\MSVISUALSTUDIO\V10\LIBCLP\WIN32-V110-DEBUG\CLPPREDICTORCORRECTOR.OBJ
C:\USERS\BASQUIAT\DOCUMENTS\TOOLBOXES INDIENS\SYMPHONY-5.6\CLP\MSVISUALSTUDIO\V10\LIBCLP\WIN32-V110-DEBUG\CLPPRESOLVE.OBJ
C:\USERS\BASQUIAT\DOCUMENTS\TOOLBOXES INDIENS\SYMPHONY-5.6\CLP\MSVISUALSTUDIO\V10\LIBCLP\WIN32-V110-DEBUG\CLPPRIMALCOLUMNDANTZIG.OBJ
C:\USERS\BASQUIAT\DOCUMENTS\TOOLBOXES INDIENS\SYMPHONY-5.6\CLP\MSVISUALSTUDIO\V10\LIBCLP\WIN32-V110-DEBUG\CLPPRIMALCOLUMNPIVOT.OBJ
C:\USERS\BASQUIAT\DOCUMENTS\TOOLBOXES INDIENS\SYMPHONY-5.6\CLP\MSVISUALSTUDIO\V10\LIBCLP\WIN32-V110-DEBUG\CLPPRIMALCOLUMNSTEEPEST.OBJ
C:\USERS\BASQUIAT\DOCUMENTS\TOOLBOXES INDIENS\SYMPHONY-5.6\CLP\MSVISUALSTUDIO\V10\LIBCLP\WIN32-V110-DEBUG\CLPQUADRATICOBJECTIVE.OBJ
C:\USERS\BASQUIAT\DOCUMENTS\TOOLBOXES INDIENS\SYMPHONY-5.6\CLP\MSVISUALSTUDIO\V10\LIBCLP\WIN32-V110-DEBUG\CLPSIMPLEX.OBJ
C:\USERS\BASQUIAT\DOCUMENTS\TOOLBOXES INDIENS\SYMPHONY-5.6\CLP\MSVISUALSTUDIO\V10\LIBCLP\WIN32-V110-DEBUG\CLPSIMPLEXDUAL.OBJ
C:\USERS\BASQUIAT\DOCUMENTS\TOOLBOXES INDIENS\SYMPHONY-5.6\CLP\MSVISUALSTUDIO\V10\LIBCLP\WIN32-V110-DEBUG\CLPSIMPLEXNONLINEAR.OBJ
C:\USERS\BASQUIAT\DOCUMENTS\TOOLBOXES INDIENS\SYMPHONY-5.6\CLP\MSVISUALSTUDIO\V10\LIBCLP\WIN32-V110-DEBUG\CLPSIMPLEXOTHER.OBJ
C:\USERS\BASQUIAT\DOCUMENTS\TOOLBOXES INDIENS\SYMPHONY-5.6\CLP\MSVISUALSTUDIO\V10\LIBCLP\WIN32-V110-DEBUG\CLPSIMPLEXPRIMAL.OBJ
C:\USERS\BASQUIAT\DOCUMENTS\TOOLBOXES INDIENS\SYMPHONY-5.6\CLP\MSVISUALSTUDIO\V10\LIBCLP\WIN32-V110-DEBUG\CLPSOLVE.OBJ
C:\USERS\BASQUIAT\DOCUMENTS\TOOLBOXES INDIENS\SYMPHONY-5.6\CLP\MSVISUALSTUDIO\V10\LIBCLP\WIN32-V110-DEBUG\IDIOT.OBJ
C:\USERS\BASQUIAT\DOCUMENTS\TOOLBOXES INDIENS\SYMPHONY-5.6\CLP\MSVISUALSTUDIO\V10\LIBCLP\WIN32-V110-DEBUG\IDISOLVE.OBJ
C:\USERS\BASQUIAT\DOCUMENTS\TOOLBOXES INDIENS\SYMPHONY-5.6\CLP\MSVISUALSTUDIO\V10\LIBCLP\WIN32-V110-DEBUG\CLPDUALROWDANTZIG.OBJ
C:\USERS\BASQUIAT\DOCUMENTS\TOOLBOXES INDIENS\SYMPHONY-5.6\CLP\MSVISUALSTUDIO\V10\LIBCLP\WIN32-V110-DEBUG\CLPDUALROWPIVOT.OBJ
C:\USERS\BASQUIAT\DOCUMENTS\TOOLBOXES INDIENS\SYMPHONY-5.6\CLP\MSVISUALSTUDIO\V10\LIBCLP\WIN32-V110-DEBUG\CLPDUALROWSTEEPEST.OBJ
C:\USERS\BASQUIAT\DOCUMENTS\TOOLBOXES INDIENS\SYMPHONY-5.6\CLP\MSVISUALSTUDIO\V10\LIBCLP\WIN32-V110-DEBUG\CLPDUMMYMATRIX.OBJ
C:\USERS\BASQUIAT\DOCUMENTS\TOOLBOXES INDIENS\SYMPHONY-5.6\CLP\MSVISUALSTUDIO\V10\LIBCLP\WIN32-V110-DEBUG\CLPDYNAMICEXAMPLEMATRIX.OBJ
C:\USERS\BASQUIAT\DOCUMENTS\TOOLBOXES INDIENS\SYMPHONY-5.6\CLP\MSVISUALSTUDIO\V10\LIBCLP\WIN32-V110-DEBUG\CLPDYNAMICMATRIX.OBJ
C:\USERS\BASQUIAT\DOCUMENTS\TOOLBOXES INDIENS\SYMPHONY-5.6\CLP\MSVISUALSTUDIO\V10\LIBCLP\WIN32-V110-DEBUG\CLPEVENTHANDLER.OBJ
C:\USERS\BASQUIAT\DOCUMENTS\TOOLBOXES INDIENS\SYMPHONY-5.6\CLP\MSVISUALSTUDIO\V10\LIBCLP\WIN32-V110-DEBUG\CLPFACTORIZATION.OBJ
C:\USERS\BASQUIAT\DOCUMENTS\TOOLBOXES INDIENS\SYMPHONY-5.6\CLP\MSVISUALSTUDIO\V10\LIBCLP\WIN32-V110-DEBUG\CLPGUBDYNAMICMATRIX.OBJ
C:\USERS\BASQUIAT\DOCUMENTS\TOOLBOXES INDIENS\SYMPHONY-5.6\CLP\MSVISUALSTUDIO\V10\LIBCLP\WIN32-V110-DEBUG\CLPGUBMATRIX.OBJ
C:\USERS\BASQUIAT\DOCUMENTS\TOOLBOXES INDIENS\SYMPHONY-5.6\CLP\MSVISUALSTUDIO\V10\LIBCLP\WIN32-V110-DEBUG\CLPHELPERFUNCTIONS.OBJ
C:\USERS\BASQUIAT\DOCUMENTS\TOOLBOXES INDIENS\SYMPHONY-5.6\CLP\MSVISUALSTUDIO\V10\LIBCLP\WIN32-V110-DEBUG\CLPINTERIOR.OBJ
C:\USERS\BASQUIAT\DOCUMENTS\TOOLBOXES INDIENS\SYMPHONY-5.6\CLP\MSVISUALSTUDIO\V10\LIBCLP\WIN32-V110-DEBUG\CLPLINEAROBJECTIVE.OBJ
C:\USERS\BASQUIAT\DOCUMENTS\TOOLBOXES INDIENS\SYMPHONY-5.6\CLP\MSVISUALSTUDIO\V10\LIBCLP\WIN32-V110-DEBUG\CLPLSQR.OBJ
C:\USERS\BASQUIAT\DOCUMENTS\TOOLBOXES INDIENS\SYMPHONY-5.6\CLP\MSVISUALSTUDIO\V10\LIBCLP\WIN32-V110-DEBUG\CLPMATRIXBASE.OBJ
C:\USERS\BASQUIAT\DOCUMENTS\TOOLBOXES INDIENS\SYMPHONY-5.6\CLP\MSVISUALSTUDIO\V10\LIBCLP\WIN32-V110-DEBUG\CLPMESSAGE.OBJ
C:\USERS\BASQUIAT\DOCUMENTS\TOOLBOXES INDIENS\SYMPHONY-5.6\CLP\MSVISUALSTUDIO\V10\LIBCLP\WIN32-V110-DEBUG\CLPMODEL.OBJ
C:\USERS\BASQUIAT\DOCUMENTS\TOOLBOXES INDIENS\SYMPHONY-5.6\CLP\MSVISUALSTUDIO\V10\LIBCLP\WIN32-V110-DEBUG\CLPNETWORKBASIS.OBJ
C:\USERS\BASQUIAT\DOCUMENTS\TOOLBOXES INDIENS\SYMPHONY-5.6\CLP\MSVISUALSTUDIO\V10\LIBCLP\WIN32-V110-DEBUG\CLPNETWORKMATRIX.OBJ
C:\USERS\BASQUIAT\DOCUMENTS\TOOLBOXES INDIENS\SYMPHONY-5.6\CLP\MSVISUALSTUDIO\V10\LIBCLP\WIN32-V110-DEBUG\CLPNODE.OBJ
C:\USERS\BASQUIAT\DOCUMENTS\TOOLBOXES INDIENS\SYMPHONY-5.6\CLP\MSVISUALSTUDIO\V10\LIBCLP\WIN32-V110-DEBUG\CLP_C_INTERFACE.OBJ
C:\USERS\BASQUIAT\DOCUMENTS\TOOLBOXES INDIENS\SYMPHONY-5.6\CLP\MSVISUALSTUDIO\V10\LIBCLP\WIN32-V110-DEBUG\CLPCHOLESKYBASE.OBJ
C:\USERS\BASQUIAT\DOCUMENTS\TOOLBOXES INDIENS\SYMPHONY-5.6\CLP\MSVISUALSTUDIO\V10\LIBCLP\WIN32-V110-DEBUG\CLPCHOLESKYDENSE.OBJ
C:\USERS\BASQUIAT\DOCUMENTS\TOOLBOXES INDIENS\SYMPHONY-5.6\CLP\MSVISUALSTUDIO\V10\LIBCLP\WIN32-V110-DEBUG\CLPCONSTRAINT.OBJ
C:\USERS\BASQUIAT\DOCUMENTS\TOOLBOXES INDIENS\SYMPHONY-5.6\CLP\MSVISUALSTUDIO\V10\LIBCLP\WIN32-V110-DEBUG\CLPCONSTRAINTLINEAR.OBJ
C:\USERS\BASQUIAT\DOCUMENTS\TOOLBOXES INDIENS\SYMPHONY-5.6\CLP\MSVISUALSTUDIO\V10\LIBCLP\WIN32-V110-DEBUG\CLPCONSTRAINTQUADRATIC.OBJ
C:\USERS\BASQUIAT\DOCUMENTS\TOOLBOXES INDIENS\SYMPHONY-5.6\CLP\MSVISUALSTUDIO\V10\LIBCLP\WIN32-V110-DEBUG\VC110.PDB
C:\USERS\BASQUIAT\DOCUMENTS\TOOLBOXES INDIENS\SYMPHONY-5.6\SYMPHONY\MSVISUALSTUDIO\V10\WIN32-V110-DEBUG\LIBCLP.LIB
C:\Users\basquiat\Documents\Toolboxes indiens\SYMPHONY-5.6\Clp\MSVisualStudio\v10\libClp\Win32-v110-Debug\ClpCholeskyBase.obj
C:\Users\basquiat\Documents\Toolboxes indiens\SYMPHONY-5.6\Clp\MSVisualStudio\v10\libClp\Win32-v110-Debug\ClpCholeskyDense.obj
C:\Users\basquiat\Documents\Toolboxes indiens\SYMPHONY-5.6\Clp\MSVisualStudio\v10\libClp\Win32-v110-Debug\ClpConstraint.obj
C:\Users\basquiat\Documents\Toolboxes indiens\SYMPHONY-5.6\Clp\MSVisualStudio\v10\libClp\Win32-v110-Debug\ClpConstraintLinear.obj
C:\Users\basquiat\Documents\Toolboxes indiens\SYMPHONY-5.6\Clp\MSVisualStudio\v10\libClp\Win32-v110-Debug\ClpConstraintQuadratic.obj
C:\Users\basquiat\Documents\Toolboxes indiens\SYMPHONY-5.6\Clp\MSVisualStudio\v10\libClp\Win32-v110-Debug\ClpDualRowDantzig.obj
C:\Users\basquiat\Documents\Toolboxes indiens\SYMPHONY-5.6\Clp\MSVisualStudio\v10\libClp\Win32-v110-Debug\ClpDualRowPivot.obj
C:\Users\basquiat\Documents\Toolboxes indiens\SYMPHONY-5.6\Clp\MSVisualStudio\v10\libClp\Win32-v110-Debug\ClpDualRowSteepest.obj
C:\Users\basquiat\Documents\Toolboxes indiens\SYMPHONY-5.6\Clp\MSVisualStudio\v10\libClp\Win32-v110-Debug\ClpDummyMatrix.obj
C:\Users\basquiat\Documents\Toolboxes indiens\SYMPHONY-5.6\Clp\MSVisualStudio\v10\libClp\Win32-v110-Debug\ClpDynamicExampleMatrix.obj
C:\Users\basquiat\Documents\Toolboxes indiens\SYMPHONY-5.6\Clp\MSVisualStudio\v10\libClp\Win32-v110-Debug\ClpDynamicMatrix.obj
C:\Users\basquiat\Documents\Toolboxes indiens\SYMPHONY-5.6\Clp\MSVisualStudio\v10\libClp\Win32-v110-Debug\ClpEventHandler.obj
C:\Users\basquiat\Documents\Toolboxes indiens\SYMPHONY-5.6\Clp\MSVisualStudio\v10\libClp\Win32-v110-Debug\ClpFactorization.obj
C:\Users\basquiat\Documents\Toolboxes indiens\SYMPHONY-5.6\Clp\MSVisualStudio\v10\libClp\Win32-v110-Debug\ClpGubDynamicMatrix.obj
C:\Users\basquiat\Documents\Toolboxes indiens\SYMPHONY-5.6\Clp\MSVisualStudio\v10\libClp\Win32-v110-Debug\ClpGubMatrix.obj
C:\Users\basquiat\Documents\Toolboxes indiens\SYMPHONY-5.6\Clp\MSVisualStudio\v10\libClp\Win32-v110-Debug\ClpHelperFunctions.obj
C:\Users\basquiat\Documents\Toolboxes indiens\SYMPHONY-5.6\Clp\MSVisualStudio\v10\libClp\Win32-v110-Debug\ClpInterior.obj
C:\Users\basquiat\Documents\Toolboxes indiens\SYMPHONY-5.6\Clp\MSVisualStudio\v10\libClp\Win32-v110-Debug\ClpLinearObjective.obj
C:\Users\basquiat\Documents\Toolboxes indiens\SYMPHONY-5.6\Clp\MSVisualStudio\v10\libClp\Win32-v110-Debug\ClpLsqr.obj
C:\Users\basquiat\Documents\Toolboxes indiens\SYMPHONY-5.6\Clp\MSVisualStudio\v10\libClp\Win32-v110-Debug\ClpMatrixBase.obj
C:\Users\basquiat\Documents\Toolboxes indiens\SYMPHONY-5.6\Clp\MSVisualStudio\v10\libClp\Win32-v110-Debug\ClpMessage.obj
C:\Users\basquiat\Documents\Toolboxes indiens\SYMPHONY-5.6\Clp\MSVisualStudio\v10\libClp\Win32-v110-Debug\ClpModel.obj
C:\Users\basquiat\Documents\Toolboxes indiens\SYMPHONY-5.6\Clp\MSVisualStudio\v10\libClp\Win32-v110-Debug\ClpNetworkBasis.obj
C:\Users\basquiat\Documents\Toolboxes indiens\SYMPHONY-5.6\Clp\MSVisualStudio\v10\libClp\Win32-v110-Debug\ClpNetworkMatrix.obj
C:\Users\basquiat\Documents\Toolboxes indiens\SYMPHONY-5.6\Clp\MSVisualStudio\v10\libClp\Win32-v110-Debug\ClpNode.obj
C:\Users\basquiat\Documents\Toolboxes indiens\SYMPHONY-5.6\Clp\MSVisualStudio\v10\libClp\Win32-v110-Debug\ClpNonLinearCost.obj
C:\Users\basquiat\Documents\Toolboxes indiens\SYMPHONY-5.6\Clp\MSVisualStudio\v10\libClp\Win32-v110-Debug\ClpObjective.obj
C:\Users\basquiat\Documents\Toolboxes indiens\SYMPHONY-5.6\Clp\MSVisualStudio\v10\libClp\Win32-v110-Debug\ClpPackedMatrix.obj
C:\Users\basquiat\Documents\Toolboxes indiens\SYMPHONY-5.6\Clp\MSVisualStudio\v10\libClp\Win32-v110-Debug\ClpPdco.obj
C:\Users\basquiat\Documents\Toolboxes indiens\SYMPHONY-5.6\Clp\MSVisualStudio\v10\libClp\Win32-v110-Debug\ClpPdcoBase.obj
C:\Users\basquiat\Documents\Toolboxes indiens\SYMPHONY-5.6\Clp\MSVisualStudio\v10\libClp\Win32-v110-Debug\ClpPlusMinusOneMatrix.obj
C:\Users\basquiat\Documents\Toolboxes indiens\SYMPHONY-5.6\Clp\MSVisualStudio\v10\libClp\Win32-v110-Debug\ClpPredictorCorrector.obj
C:\Users\basquiat\Documents\Toolboxes indiens\SYMPHONY-5.6\Clp\MSVisualStudio\v10\libClp\Win32-v110-Debug\ClpPresolve.obj
C:\Users\basquiat\Documents\Toolboxes indiens\SYMPHONY-5.6\Clp\MSVisualStudio\v10\libClp\Win32-v110-Debug\ClpPrimalColumnDantzig.obj
C:\Users\basquiat\Documents\Toolboxes indiens\SYMPHONY-5.6\Clp\MSVisualStudio\v10\libClp\Win32-v110-Debug\ClpPrimalColumnPivot.obj
C:\Users\basquiat\Documents\Toolboxes indiens\SYMPHONY-5.6\Clp\MSVisualStudio\v10\libClp\Win32-v110-Debug\ClpPrimalColumnSteepest.obj
C:\Users\basquiat\Documents\Toolboxes indiens\SYMPHONY-5.6\Clp\MSVisualStudio\v10\libClp\Win32-v110-Debug\ClpQuadraticObjective.obj
C:\Users\basquiat\Documents\Toolboxes indiens\SYMPHONY-5.6\Clp\MSVisualStudio\v10\libClp\Win32-v110-Debug\ClpSimplex.obj
C:\Users\basquiat\Documents\Toolboxes indiens\SYMPHONY-5.6\Clp\MSVisualStudio\v10\libClp\Win32-v110-Debug\ClpSimplexDual.obj
C:\Users\basquiat\Documents\Toolboxes indiens\SYMPHONY-5.6\Clp\MSVisualStudio\v10\libClp\Win32-v110-Debug\ClpSimplexNonlinear.obj
C:\Users\basquiat\Documents\Toolboxes indiens\SYMPHONY-5.6\Clp\MSVisualStudio\v10\libClp\Win32-v110-Debug\ClpSimplexOther.obj
C:\Users\basquiat\Documents\Toolboxes indiens\SYMPHONY-5.6\Clp\MSVisualStudio\v10\libClp\Win32-v110-Debug\ClpSimplexPrimal.obj
C:\Users\basquiat\Documents\Toolboxes indiens\SYMPHONY-5.6\Clp\MSVisualStudio\v10\libClp\Win32-v110-Debug\ClpSolve.obj
C:\Users\basquiat\Documents\Toolboxes indiens\SYMPHONY-5.6\Clp\MSVisualStudio\v10\libClp\Win32-v110-Debug\Clp_C_Interface.obj
C:\Users\basquiat\Documents\Toolboxes indiens\SYMPHONY-5.6\Clp\MSVisualStudio\v10\libClp\Win32-v110-Debug\Idiot.obj
C:\Users\basquiat\Documents\Toolboxes indiens\SYMPHONY-5.6\Clp\MSVisualStudio\v10\libClp\Win32-v110-Debug\IdiSolve.obj
C:\Users\basquiat\Documents\Toolboxes indiens\SYMPHONY-5.6\Clp\MSVisualStudio\v10\libClp\Win32-v110-Debug\cl.command.1.tlog
C:\Users\basquiat\Documents\Toolboxes indiens\SYMPHONY-5.6\Clp\MSVisualStudio\v10\libClp\Win32-v110-Debug\CL.read.1.tlog
C:\Users\basquiat\Documents\Toolboxes indiens\SYMPHONY-5.6\Clp\MSVisualStudio\v10\libClp\Win32-v110-Debug\CL.write.1.tlog
C:\Users\basquiat\Documents\Toolboxes indiens\SYMPHONY-5.6\Clp\MSVisualStudio\v10\libClp\Win32-v110-Debug\Lib-link.read.1.tlog
C:\Users\basquiat\Documents\Toolboxes indiens\SYMPHONY-5.6\Clp\MSVisualStudio\v10\libClp\Win32-v110-Debug\Lib-link.write.1.tlog
C:\Users\basquiat\Documents\Toolboxes indiens\SYMPHONY-5.6\Clp\MSVisualStudio\v10\libClp\Win32-v110-Debug\lib.command.1.tlog
C:\Users\basquiat\Documents\Toolboxes indiens\SYMPHONY-5.6\Clp\MSVisualStudio\v10\libClp\Win32-v110-Debug\vc110.idb
C:\Users\basquiat\Documents\Toolboxes indiens\SYMPHONY-5.6\Clp\MSVisualStudio\v10\libClp\Win32-v110-Debug\vc110.pdb
C:\Users\basquiat\Documents\Toolboxes indiens\SYMPHONY-5.6\SYMPHONY\MSVisualStudio\v10\Win32-v110-Debug\libClp.lib
