Build started 31/07/2015 15:22:52.
     1>Project "C:\Users\basquiat\Documents\Toolboxes-indiens\SYMPHONY-5.6\Clp\MSVisualStudio\v10\libOsiClp\libOsiClp.vcxproj" on node 4 (Build target(s)).
       Project file contains ToolsVersion="11.0". This toolset may be unknown or missing, in which case you may be able to resolve this by installing the appropriate version of MSBuild, or the build may have been forced to a particular ToolsVersion for policy reasons. Treating the project as if it had ToolsVersion="4.0". For more information, please see http://go.microsoft.com/fwlink/?LinkId=291333.
     1>ClCompile:
         C:\Program Files (x86)\Microsoft Visual Studio 11.0\VC\bin\x86_amd64\CL.exe /c /I..\..\..\..\Clp\src /I..\..\..\..\Clp\src\OsiClp /I..\..\..\..\Osi\src /I..\..\..\..\Osi\src\Osi /I..\..\..\..\CoinUtils\src /I..\..\..\..\BuildTools\headers /Zi /nologo /W3 /WX- /Od /D OSI_BUILD /D WIN32 /D _DEBUG /D _LIB /D _CRT_SECURE_NO_WARNINGS /D _CRT_SECURE_NO_DEPRECATE /D _VC80_UPGRADE=0x0710 /Gm /EHsc /RTC1 /MDd /GS /fp:precise /Zc:wchar_t /Zc:forScope /GR /Fo"x64-v110-Debug\\" /Fd"x64-v110-Debug\vc110.pdb" /Gd /TP /errorReport:prompt ..\..\..\src\OsiClp\OsiClpSolverInterface.cpp
         OsiClpSolverInterface.cpp
     1>..\..\..\src\OsiClp\OsiClpSolverInterface.cpp(9841): warning C4101: 'iRow' : unreferenced local variable
     1>C:\Program Files (x86)\Microsoft Visual Studio 11.0\VC\include\algorithm(1066): warning C4996: 'std::_Transform1': Function call with parameters that may be unsafe - this call relies on the caller to check that the passed values are correct. To disable this warning, use -D_SCL_SECURE_NO_WARNINGS. See documentation on how to use Visual C++ 'Checked Iterators'
                 C:\Program Files (x86)\Microsoft Visual Studio 11.0\VC\include\algorithm(1047) : see declaration of 'std::_Transform1'
                 ..\..\..\src\OsiClp\OsiClpSolverInterface.cpp(3934) : see reference to function template instantiation '_OutIt std::transform<const double*,double*,std::negate<_Ty>>(_InIt,_InIt,_OutIt,_Fn1)' being compiled
                 with
                 [
                     _OutIt=double *,
                     _Ty=double,
                     _InIt=const double *,
                     _Fn1=std::negate<double>
                 ]
                 C:\Program Files (x86)\Microsoft Visual Studio 11.0\VC\include\algorithm(1047) : see declaration of 'std::_Transform1'
       Lib:
         C:\Program Files (x86)\Microsoft Visual Studio 11.0\VC\bin\x86_amd64\Lib.exe /OUT:"C:\Users\basquiat\Documents\Toolboxes-indiens\SYMPHONY-5.6\SYMPHONY\MSVisualStudio\v10\x64-v110-Debug\libOsiClp.lib" /NOLOGO /MACHINE:X64 "x64-v110-Debug\OsiClpSolverInterface.obj"
         libOsiClp.vcxproj -> C:\Users\basquiat\Documents\Toolboxes-indiens\SYMPHONY-5.6\SYMPHONY\MSVisualStudio\v10\x64-v110-Debug\libOsiClp.lib
     1>Done Building Project "C:\Users\basquiat\Documents\Toolboxes-indiens\SYMPHONY-5.6\Clp\MSVisualStudio\v10\libOsiClp\libOsiClp.vcxproj" (Build target(s)).

Build succeeded.

Time Elapsed 00:00:02.29
